0	00:54:33.947	Custom indicator Trademyner\CPRLevels USDJPY,M30: loaded successfully
0	00:54:33.960	Custom indicator Trademyner\MACD_Cross_Over USDJPY,M30: loaded successfully
0	00:54:33.965	CPRLevels USDJPY,M30: initialized
0	00:54:33.987	MACD_Cross_Over USDJPY,M30: initialized
0	00:55:41.320	CPRLevels USDJPY,M30: uninit reason 3
0	00:55:41.320	MACD_Cross_Over USDJPY,M30: uninit reason 3
0	00:55:41.321	CPRLevels USDJPY,H1: initialized
0	00:55:41.321	MACD_Cross_Over USDJPY,H1: initialized
0	00:56:14.404	CPRLevels USDJPY,H1: uninit reason 3
0	00:56:14.404	MACD_Cross_Over USDJPY,H1: uninit reason 3
0	00:56:14.405	CPRLevels USDJPY,M15: initialized
0	00:56:14.405	MACD_Cross_Over USDJPY,M15: initialized
0	00:58:52.970	CPRLevels USDJPY,M15: uninit reason 3
0	00:58:52.970	MACD_Cross_Over USDJPY,M15: uninit reason 3
0	00:58:52.971	CPRLevels USDJPY,M30: initialized
0	00:58:52.971	MACD_Cross_Over USDJPY,M30: initialized
0	01:19:52.487	CPRLevels USDJPY,M30: uninit reason 9
0	01:19:52.487	MACD_Cross_Over USDJPY,M30: uninit reason 9
0	01:19:52.539	Custom indicator CPRLevels USDJPY,M30: removed
0	01:19:52.540	Custom indicator MACD_Cross_Over USDJPY,M30: removed
