0	00:11:08.301	Script Scanner_EA_Cross EURJPY,M15: loaded successfully
0	00:11:08.301	Scanner_EA_Cross EURJPY,M15 inputs: period_slow=200.0; period_fast=50.0; 
0	00:11:08.321	Scanner_EA_Cross EURJPY,M15: initialized
0	00:11:08.333	Scanner_EA_Cross EURJPY,M15: EMA Cross-up for AUDJPY-----2022.06.15 22:00:00
0	00:11:08.342	Scanner_EA_Cross EURJPY,M15: EMA Cross-up for AUDNZD-----2022.06.15 07:45:00
0	00:11:08.350	Scanner_EA_Cross EURJPY,M15: EMA Cross-up for AUDCAD-----2022.06.15 12:30:00
0	00:11:08.356	Scanner_EA_Cross EURJPY,M15: EMA Cross-up for AUDUSD-----2022.06.15 21:15:00
0	00:11:08.362	Scanner_EA_Cross EURJPY,M15: EMA Cross-up for AUDCHF-----2022.06.15 14:30:00
0	00:11:08.363	Scanner_EA_Cross EURJPY,M15: No cross-overs found for AUDGBP
0	00:11:08.369	Scanner_EA_Cross EURJPY,M15: EMA Cross-up for NZDUSD-----2022.06.16 00:15:00
0	00:11:08.377	Scanner_EA_Cross EURJPY,M15: EMA Cross-up for GBPUSD-----2022.06.16 00:30:00
0	00:11:08.383	Scanner_EA_Cross EURJPY,M15: EMA Cross-down for USDJPY-----2022.06.15 19:30:00
0	00:11:08.391	Scanner_EA_Cross EURJPY,M15: EMA Cross-up for EURUSD-----2022.06.16 18:30:00
0	00:11:08.397	Scanner_EA_Cross EURJPY,M15: EMA Cross-down for USDCAD-----2022.06.16 03:30:00
0	00:11:08.403	Scanner_EA_Cross EURJPY,M15: EMA Cross-down for EURGBP-----2022.06.15 22:00:00
0	00:11:08.409	Scanner_EA_Cross EURJPY,M15: EMA Cross-down for EURCAD-----2022.06.15 23:45:00
0	00:11:08.415	Scanner_EA_Cross EURJPY,M15: EMA Cross-down for EURAUD-----2022.06.15 18:15:00
0	00:11:08.415	Scanner_EA_Cross EURJPY,M15: EMA Cross-up for EURJPY-----2022.06.17 06:15:00
0	00:11:08.416	Scanner_EA_Cross EURJPY,M15: No cross-overs found for EURCHF
0	00:11:08.416	Scanner_EA_Cross EURJPY,M15: uninit reason 0
0	00:11:08.418	Script Scanner_EA_Cross EURJPY,M15: removed
0	00:17:33.609	EMA_Cross_Over EURJPY,M15: uninit reason 2
0	00:17:33.610	Custom indicator EMA_Cross_Over EURJPY,M15: removed
0	00:17:33.620	Custom indicator Trademyner\EMA_Cross_Over EURJPY,M15: loaded successfully
0	00:17:33.640	EMA_Cross_Over EURJPY,M15: initialized
0	00:17:40.830	Script Scanner_EA_Cross EURJPY,M15: loaded successfully
0	00:17:40.830	Scanner_EA_Cross EURJPY,M15 inputs: period_slow=200.0; period_fast=50.0; 
0	00:17:40.848	Scanner_EA_Cross EURJPY,M15: initialized
0	00:17:40.849	Scanner_EA_Cross EURJPY,M15: EMA Cross-up for AUDJPY-----2022.06.17 05:45:00
0	00:17:40.849	Scanner_EA_Cross EURJPY,M15: No cross-overs found for AUDNZD
0	00:17:40.850	Scanner_EA_Cross EURJPY,M15: No cross-overs found for AUDCAD
0	00:17:40.850	Scanner_EA_Cross EURJPY,M15: EMA Cross-down for AUDUSD-----2022.06.17 16:45:00
0	00:17:40.851	Scanner_EA_Cross EURJPY,M15: No cross-overs found for AUDCHF
0	00:17:40.851	Scanner_EA_Cross EURJPY,M15: No cross-overs found for AUDGBP
0	00:17:40.851	Scanner_EA_Cross EURJPY,M15: No cross-overs found for NZDUSD
0	00:17:40.852	Scanner_EA_Cross EURJPY,M15: No cross-overs found for GBPUSD
0	00:17:40.853	Scanner_EA_Cross EURJPY,M15: EMA Cross-up for USDJPY-----2022.06.17 11:15:00
0	00:17:40.853	Scanner_EA_Cross EURJPY,M15: No cross-overs found for EURUSD
0	00:17:40.854	Scanner_EA_Cross EURJPY,M15: No cross-overs found for USDCAD
0	00:17:40.854	Scanner_EA_Cross EURJPY,M15: No cross-overs found for EURGBP
0	00:17:40.855	Scanner_EA_Cross EURJPY,M15: No cross-overs found for EURCAD
0	00:17:40.855	Scanner_EA_Cross EURJPY,M15: EMA Cross-up for EURAUD-----2022.06.17 09:00:00
0	00:17:40.855	Scanner_EA_Cross EURJPY,M15: EMA Cross-up for EURJPY-----2022.06.17 06:15:00
0	00:17:40.856	Scanner_EA_Cross EURJPY,M15: No cross-overs found for EURCHF
0	00:17:40.856	Scanner_EA_Cross EURJPY,M15: uninit reason 0
0	00:17:40.858	Script Scanner_EA_Cross EURJPY,M15: removed
0	00:19:41.792	Script Scanner_EA_Cross EURJPY,M15: loaded successfully
0	00:19:41.792	Scanner_EA_Cross EURJPY,M15 inputs: period_slow=200.0; period_fast=50.0; 
0	00:19:41.807	Scanner_EA_Cross EURJPY,M15: initialized
0	00:19:41.808	Scanner_EA_Cross EURJPY,M15: EMA Cross-up for AUDJPY-----2022.06.17 05:45:00
0	00:19:41.808	Scanner_EA_Cross EURJPY,M15: No cross-overs found for AUDNZD
0	00:19:41.808	Scanner_EA_Cross EURJPY,M15: No cross-overs found for AUDCAD
0	00:19:41.809	Scanner_EA_Cross EURJPY,M15: EMA Cross-down for AUDUSD-----2022.06.17 16:45:00
0	00:19:41.809	Scanner_EA_Cross EURJPY,M15: No cross-overs found for AUDCHF
0	00:19:41.809	Scanner_EA_Cross EURJPY,M15: No cross-overs found for AUDGBP
0	00:19:41.809	Scanner_EA_Cross EURJPY,M15: No cross-overs found for NZDUSD
0	00:19:41.810	Scanner_EA_Cross EURJPY,M15: No cross-overs found for GBPUSD
0	00:19:41.810	Scanner_EA_Cross EURJPY,M15: EMA Cross-up for USDJPY-----2022.06.17 11:15:00
0	00:19:41.811	Scanner_EA_Cross EURJPY,M15: No cross-overs found for EURUSD
0	00:19:41.811	Scanner_EA_Cross EURJPY,M15: No cross-overs found for USDCAD
0	00:19:41.811	Scanner_EA_Cross EURJPY,M15: No cross-overs found for EURGBP
0	00:19:41.812	Scanner_EA_Cross EURJPY,M15: No cross-overs found for EURCAD
0	00:19:41.812	Scanner_EA_Cross EURJPY,M15: EMA Cross-up for EURAUD-----2022.06.17 09:00:00
0	00:19:41.812	Scanner_EA_Cross EURJPY,M15: EMA Cross-up for EURJPY-----2022.06.17 06:15:00
0	00:19:41.812	Scanner_EA_Cross EURJPY,M15: No cross-overs found for EURCHF
0	00:19:41.812	Scanner_EA_Cross EURJPY,M15: uninit reason 0
0	00:19:41.814	Script Scanner_EA_Cross EURJPY,M15: removed
0	00:27:28.612	Compiling 'Scanner_EA_Cross'
0	00:27:30.034	EMA_Cross_Over EURJPY,M15: uninit reason 2
0	00:27:30.035	Custom indicator EMA_Cross_Over EURJPY,M15: removed
0	00:27:30.047	Custom indicator Trademyner\EMA_Cross_Over EURJPY,M15: loaded successfully
0	00:27:30.064	EMA_Cross_Over EURJPY,M15: initialized
0	00:27:46.300	EMA_Cross_Over EURJPY,M15: uninit reason 2
0	00:27:46.300	Custom indicator EMA_Cross_Over EURJPY,M15: removed
0	00:27:46.312	Custom indicator Trademyner\EMA_Cross_Over EURJPY,M15: loaded successfully
0	00:27:46.325	EMA_Cross_Over EURJPY,M15: initialized
0	00:28:17.261	EMA_Cross_Over EURJPY,M15: uninit reason 2
0	00:28:17.264	Custom indicator EMA_Cross_Over EURJPY,M15: removed
0	00:28:17.276	Custom indicator Trademyner\EMA_Cross_Over EURJPY,M15: loaded successfully
0	00:28:17.294	EMA_Cross_Over EURJPY,M15: initialized
0	00:28:29.667	EMA_Cross_Over EURJPY,M15: uninit reason 7
0	00:28:29.668	Custom indicator EMA_Cross_Over EURJPY,M15: removed
0	00:28:29.676	Custom indicator Trademyner\EMA_Cross_Over EURJPY,M15: loaded successfully
0	00:28:29.679	Custom indicator Trademyner\CPRLevels EURJPY,M15: loaded successfully
