0	17:44:26.731	Compiling 'MACD Sample'
0	17:44:26.731	Compiling 'Moving Average'
0	17:44:28.754	Compiling 'Accelerator'
0	17:44:28.755	Compiling 'Accumulation'
0	17:44:28.755	Compiling 'Alligator'
0	17:44:28.755	Compiling 'ATR'
0	17:44:28.755	Compiling 'Awesome'
0	17:44:28.755	Compiling 'Bands'
0	17:44:28.755	Compiling 'Bears'
0	17:44:28.755	Compiling 'Bulls'
0	17:44:28.755	Compiling 'CCI'
0	17:44:28.755	Compiling 'Custom Moving Averages'
0	17:44:28.755	Compiling 'Heiken Ashi'
0	17:44:28.755	Compiling 'Ichimoku'
0	17:44:28.755	Compiling 'iExposure'
0	17:44:28.755	Compiling 'MACD'
0	17:44:28.755	Compiling 'Momentum'
0	17:44:28.755	Compiling 'OsMA'
0	17:44:28.755	Compiling 'Parabolic'
0	17:44:28.755	Compiling 'RSI'
0	17:44:28.755	Compiling 'Stochastic'
0	17:44:28.755	Compiling 'ZigZag'
0	17:44:28.755	Compiling 'SimplePanel'
0	17:44:37.667	Compiling 'PeriodConverter'
0	17:44:37.668	Compiling 'DLLSampleTester'
0	17:44:37.668	Compiling 'PipeClient'
0	17:44:37.668	Compiling 'PipeClientPure'
0	17:44:39.820	Compiling 'stdlib'
