0	09:45:58.460	Automated trading enabled
0	09:46:09.402	Expert Trademyner\EA_CrossOver_Dow US30USD,M1: loaded successfully
0	09:46:13.863	EA_CrossOver_Dow US30USD,M1 inputs: lotSize=1.0; RR=6.0; fast_ma_period=8; slow_ma_period=20; 
0	09:46:13.885	EA_CrossOver_Dow US30USD,M1: Starting the strategy
0	09:46:13.885	EA_CrossOver_Dow US30USD,M1: initialized
0	09:46:18.576	EA_CrossOver_Dow US30USD,M1: No Signal
0	09:47:01.872	EA_CrossOver_Dow US30USD,M1: No Signal
0	09:48:00.264	EA_CrossOver_Dow US30USD,M1: No Signal
0	09:49:06.052	EA_CrossOver_Dow US30USD,M1: No Signal
0	09:49:58.105	EA_CrossOver_Dow US30USD,M1: No Signal
0	09:51:05.087	EA_CrossOver_Dow US30USD,M1: No Signal
0	09:52:01.797	EA_CrossOver_Dow US30USD,M1: No Signal
0	09:52:59.495	EA_CrossOver_Dow US30USD,M1: No Signal
0	09:53:59.046	EA_CrossOver_Dow US30USD,M1: No Signal
0	09:55:13.166	EA_CrossOver_Dow US30USD,M1: No Signal
0	09:55:58.194	EA_CrossOver_Dow US30USD,M1: No Signal
0	09:57:00.966	EA_CrossOver_Dow US30USD,M1: No Signal
0	09:57:59.139	EA_CrossOver_Dow US30USD,M1: No Signal
0	09:58:57.948	EA_CrossOver_Dow US30USD,M1: No Signal
0	09:59:58.419	EA_CrossOver_Dow US30USD,M1: No Signal
0	10:00:58.633	EA_CrossOver_Dow US30USD,M1: Sending order for Strategy-US30USD122-US30USD
0	10:00:58.633	EA_CrossOver_Dow US30USD,M1: Entry Price = 30169.7
0	10:00:58.633	EA_CrossOver_Dow US30USD,M1: Stop Loss Price = 30169.7
0	10:00:58.633	EA_CrossOver_Dow US30USD,M1: Take Profit Price = 30169.7
2	10:00:59.148	EA_CrossOver_Dow US30USD,M1: open #95977461 sell limit 1.00 US30USD at 30169.7 sl: 30169.7 tp: 30169.7 ok
0	10:00:59.148	EA_CrossOver_Dow US30USD,M1: New Order US30USD122 95977461
3	10:01:58.020	EA_CrossOver_Dow US30USD,M1: pending order #95977461 cannot be closed
3	10:02:58.617	EA_CrossOver_Dow US30USD,M1: pending order #95977461 cannot be closed
3	10:03:58.073	EA_CrossOver_Dow US30USD,M1: pending order #95977461 cannot be closed
3	10:04:58.555	EA_CrossOver_Dow US30USD,M1: pending order #95977461 cannot be closed
3	10:06:01.007	EA_CrossOver_Dow US30USD,M1: pending order #95977461 cannot be closed
3	10:07:00.020	EA_CrossOver_Dow US30USD,M1: pending order #95977461 cannot be closed
3	10:07:58.261	EA_CrossOver_Dow US30USD,M1: pending order #95977461 cannot be closed
3	10:09:00.129	EA_CrossOver_Dow US30USD,M1: pending order #95977461 cannot be closed
3	10:11:03.517	EA_CrossOver_Dow US30USD,M1: pending order #95977461 cannot be closed
3	10:12:59.264	EA_CrossOver_Dow US30USD,M1: pending order #95977461 cannot be closed
3	10:15:59.887	EA_CrossOver_Dow US30USD,M1: pending order #95977461 cannot be closed
3	10:17:00.754	EA_CrossOver_Dow US30USD,M1: pending order #95977461 cannot be closed
3	10:18:08.307	EA_CrossOver_Dow US30USD,M1: pending order #95977461 cannot be closed
3	10:19:03.085	EA_CrossOver_Dow US30USD,M1: pending order #95977461 cannot be closed
3	10:20:11.876	EA_CrossOver_Dow US30USD,M1: pending order #95977461 cannot be closed
3	10:20:58.547	EA_CrossOver_Dow US30USD,M1: pending order #95977461 cannot be closed
3	10:22:00.037	EA_CrossOver_Dow US30USD,M1: pending order #95977461 cannot be closed
3	10:30:58.417	EA_CrossOver_Dow US30USD,M1: pending order #95977461 cannot be closed
3	10:31:58.082	EA_CrossOver_Dow US30USD,M1: pending order #95977461 cannot be closed
3	10:32:58.510	EA_CrossOver_Dow US30USD,M1: pending order #95977461 cannot be closed
3	10:34:58.410	EA_CrossOver_Dow US30USD,M1: pending order #95977461 cannot be closed
3	10:35:58.502	EA_CrossOver_Dow US30USD,M1: pending order #95977461 cannot be closed
3	10:36:58.797	EA_CrossOver_Dow US30USD,M1: pending order #95977461 cannot be closed
3	10:37:59.509	EA_CrossOver_Dow US30USD,M1: pending order #95977461 cannot be closed
3	10:38:57.971	EA_CrossOver_Dow US30USD,M1: pending order #95977461 cannot be closed
3	10:43:58.405	EA_CrossOver_Dow US30USD,M1: pending order #95977461 cannot be closed
3	10:44:58.991	EA_CrossOver_Dow US30USD,M1: pending order #95977461 cannot be closed
3	10:45:58.015	EA_CrossOver_Dow US30USD,M1: pending order #95977461 cannot be closed
3	10:46:58.082	EA_CrossOver_Dow US30USD,M1: pending order #95977461 cannot be closed
3	10:47:57.744	EA_CrossOver_Dow US30USD,M1: pending order #95977461 cannot be closed
3	10:48:58.889	EA_CrossOver_Dow US30USD,M1: pending order #95977461 cannot be closed
3	10:49:59.223	EA_CrossOver_Dow US30USD,M1: pending order #95977461 cannot be closed
3	10:51:58.878	EA_CrossOver_Dow US30USD,M1: pending order #95977461 cannot be closed
3	10:57:06.403	EA_CrossOver_Dow US30USD,M1: pending order #95977461 cannot be closed
0	10:58:57.126	EA_CrossOver_Dow US30USD,M1: uninit reason 9
0	10:58:57.200	Expert EA_CrossOver_Dow US30USD,M1: removed
0	11:15:41.549	Expert Trademyner\EA_CrossOver_Dow US30USD,M1: loaded successfully
0	11:15:41.549	EA_CrossOver_Dow US30USD,M1 inputs: lotSize=1.0; RR=6.0; fast_ma_period=8; slow_ma_period=20; 
0	11:15:45.269	EA_CrossOver_Dow US30USD,M1: Starting the strategy
0	11:15:45.269	EA_CrossOver_Dow US30USD,M1: initialized
0	11:15:45.622	EA_CrossOver_Dow US30USD,M1: No Signal
0	11:15:54.272	Automated trading disabled
3	11:15:54.272	Automated trading disabled because the account has been changed
0	11:15:58.659	EA_CrossOver_Dow US30USD,M1: Expert Advisor is NOT Allowed to Trade. Check AutoTrading.
0	11:18:31.912	EA_CrossOver_Dow US30USD,M1: Expert Advisor is NOT Allowed to Trade. Check AutoTrading.
0	11:18:58.946	EA_CrossOver_Dow US30USD,M1: Expert Advisor is NOT Allowed to Trade. Check AutoTrading.
0	11:19:30.839	Automated trading enabled
0	11:19:57.911	EA_CrossOver_Dow US30USD,M1: No Signal
0	11:20:59.282	EA_CrossOver_Dow US30USD,M1: Sending order for Strategy-US30USD122-US30USD
0	11:20:59.282	EA_CrossOver_Dow US30USD,M1: Entry Price = 30183.9
0	11:20:59.282	EA_CrossOver_Dow US30USD,M1: Stop Loss Price = 30183.9
0	11:20:59.282	EA_CrossOver_Dow US30USD,M1: Take Profit Price = 30183.9
2	11:20:59.631	EA_CrossOver_Dow US30USD,M1: open #95977619 buy limit 1.00 US30USD at 30183.9 sl: 30183.9 tp: 30183.9 ok
0	11:20:59.631	EA_CrossOver_Dow US30USD,M1: New Order US30USD122 95977619
3	11:21:59.913	EA_CrossOver_Dow US30USD,M1: pending order #95977619 cannot be closed
3	11:23:03.090	EA_CrossOver_Dow US30USD,M1: pending order #95977619 cannot be closed
3	11:24:04.067	EA_CrossOver_Dow US30USD,M1: pending order #95977619 cannot be closed
0	11:28:05.019	EA_CrossOver_Dow US30USD,M1: No Signal
0	11:28:58.956	EA_CrossOver_Dow US30USD,M1: No Signal
0	11:29:58.404	EA_CrossOver_Dow US30USD,M1: No Signal
0	11:30:57.885	EA_CrossOver_Dow US30USD,M1: No Signal
0	11:31:58.668	EA_CrossOver_Dow US30USD,M1: No Signal
0	11:32:59.039	EA_CrossOver_Dow US30USD,M1: No Signal
0	11:33:35.791	Custom indicator Trademyner\CPRLevels IN50USD,M1: loaded successfully
0	11:33:35.803	Custom indicator Trademyner\ForexProfitSupreme Meter IN50USD,M1: loaded successfully
0	01:43:13.484	Expert Trademyner\EA_CrossOver_Dow US30USD,M1: loaded successfully
0	01:43:15.218	EA_CrossOver_Dow US30USD,M1 inputs: lotSize=0.1; RR=6.0; fast_ma_period=8; slow_ma_period=20; 
0	01:43:15.234	EA_CrossOver_Dow US30USD,M1: Starting the strategy
0	01:43:15.234	EA_CrossOver_Dow US30USD,M1: initialized
0	01:43:18.359	EA_CrossOver_Dow US30USD,M1: No Signal
0	01:44:00.375	EA_CrossOver_Dow US30USD,M1: No Signal
0	01:44:59.953	EA_CrossOver_Dow US30USD,M1: No Signal
0	01:46:00.625	EA_CrossOver_Dow US30USD,M1: Sending order for Strategy-US30USD122-US30USD
0	01:46:00.625	EA_CrossOver_Dow US30USD,M1: Entry Price = 30055
0	01:46:00.625	EA_CrossOver_Dow US30USD,M1: Stop Loss Price = 30066
0	01:46:00.625	EA_CrossOver_Dow US30USD,M1: Take Profit Price = 29989
2	01:46:00.938	EA_CrossOver_Dow US30USD,M1: open #95979138 sell limit 0.10 US30USD at 30055.0 sl: 30066.0 tp: 29989.0 ok
0	01:46:00.938	EA_CrossOver_Dow US30USD,M1: New Order US30USD122 95979138
0	01:46:59.985	EA_CrossOver_Dow US30USD,M1: No Signal
0	01:48:00.032	EA_CrossOver_Dow US30USD,M1: No Signal
0	01:49:02.173	EA_CrossOver_Dow US30USD,M1: No Signal
0	01:50:00.967	EA_CrossOver_Dow US30USD,M1: No Signal
0	01:51:00.989	EA_CrossOver_Dow US30USD,M1: No Signal
0	01:52:00.037	EA_CrossOver_Dow US30USD,M1: No Signal
0	01:53:00.043	EA_CrossOver_Dow US30USD,M1: No Signal
0	01:54:00.648	EA_CrossOver_Dow US30USD,M1: No Signal
0	01:55:00.197	EA_CrossOver_Dow US30USD,M1: No Signal
0	01:56:01.178	EA_CrossOver_Dow US30USD,M1: No Signal
0	01:57:00.855	EA_CrossOver_Dow US30USD,M1: No Signal
0	01:58:00.388	EA_CrossOver_Dow US30USD,M1: No Signal
0	01:59:00.120	EA_CrossOver_Dow US30USD,M1: No Signal
0	02:00:00.803	EA_CrossOver_Dow US30USD,M1: No Signal
0	02:01:00.280	EA_CrossOver_Dow US30USD,M1: No Signal
0	02:02:01.881	EA_CrossOver_Dow US30USD,M1: No Signal
0	02:03:00.668	EA_CrossOver_Dow US30USD,M1: No Signal
0	02:04:00.438	EA_CrossOver_Dow US30USD,M1: No Signal
0	02:05:00.363	EA_CrossOver_Dow US30USD,M1: No Signal
0	02:06:00.319	EA_CrossOver_Dow US30USD,M1: No Signal
0	02:07:00.150	EA_CrossOver_Dow US30USD,M1: No Signal
0	02:08:01.933	EA_CrossOver_Dow US30USD,M1: No Signal
0	02:09:00.247	EA_CrossOver_Dow US30USD,M1: No Signal
0	02:10:01.358	EA_CrossOver_Dow US30USD,M1: No Signal
0	02:11:00.703	EA_CrossOver_Dow US30USD,M1: No Signal
0	02:12:00.269	EA_CrossOver_Dow US30USD,M1: No Signal
0	02:13:00.443	EA_CrossOver_Dow US30USD,M1: No Signal
0	02:14:00.679	EA_CrossOver_Dow US30USD,M1: No Signal
0	02:15:00.259	EA_CrossOver_Dow US30USD,M1: No Signal
0	02:16:00.729	EA_CrossOver_Dow US30USD,M1: Sending order for Strategy-US30USD122-US30USD
0	02:16:00.729	EA_CrossOver_Dow US30USD,M1: Entry Price = 30078.9
0	02:16:00.729	EA_CrossOver_Dow US30USD,M1: Stop Loss Price = 30066.9
0	02:16:00.729	EA_CrossOver_Dow US30USD,M1: Take Profit Price = 30150.9
2	02:16:01.073	EA_CrossOver_Dow US30USD,M1: open #95979400 buy limit 0.10 US30USD at 30078.9 sl: 30066.9 tp: 30150.9 ok
0	02:16:01.073	EA_CrossOver_Dow US30USD,M1: New Order US30USD122 95979400
0	02:20:00.154	EA_CrossOver_Dow US30USD,M1: Sending order for Strategy-US30USD122-US30USD
0	02:20:00.154	EA_CrossOver_Dow US30USD,M1: Entry Price = 30066
0	02:20:00.154	EA_CrossOver_Dow US30USD,M1: Stop Loss Price = 30077
0	02:20:00.154	EA_CrossOver_Dow US30USD,M1: Take Profit Price = 30000
2	02:20:00.467	EA_CrossOver_Dow US30USD,M1: open #95979409 sell limit 0.10 US30USD at 30066.0 sl: 30077.0 tp: 30000.0 ok
0	02:20:00.467	EA_CrossOver_Dow US30USD,M1: New Order US30USD122 95979409
0	02:24:00.147	EA_CrossOver_Dow US30USD,M1: Sending order for Strategy-US30USD122-US30USD
0	02:24:00.147	EA_CrossOver_Dow US30USD,M1: Entry Price = 30076.9
0	02:24:00.147	EA_CrossOver_Dow US30USD,M1: Stop Loss Price = 30064.9
0	02:24:00.147	EA_CrossOver_Dow US30USD,M1: Take Profit Price = 30148.9
2	02:24:00.459	EA_CrossOver_Dow US30USD,M1: open #95979438 buy limit 0.10 US30USD at 30076.9 sl: 30064.9 tp: 30148.9 ok
0	02:24:00.459	EA_CrossOver_Dow US30USD,M1: New Order US30USD122 95979438
0	02:26:00.115	EA_CrossOver_Dow US30USD,M1: No Signal
0	02:27:00.504	EA_CrossOver_Dow US30USD,M1: No Signal
0	02:28:00.711	EA_CrossOver_Dow US30USD,M1: No Signal
0	02:29:02.211	EA_CrossOver_Dow US30USD,M1: No Signal
0	02:29:05.337	EA_CrossOver_Dow US30USD,M1: uninit reason 3
0	02:29:05.634	EA_CrossOver_Dow US30USD,M15: Starting the strategy
0	02:29:05.634	EA_CrossOver_Dow US30USD,M15: initialized
0	02:29:14.871	EA_CrossOver_Dow US30USD,M15: uninit reason 3
0	02:29:15.167	EA_CrossOver_Dow US30USD,M30: Starting the strategy
0	02:29:15.167	EA_CrossOver_Dow US30USD,M30: initialized
0	02:29:18.090	EA_CrossOver_Dow US30USD,M30: uninit reason 3
0	02:29:18.371	EA_CrossOver_Dow US30USD,H1: Starting the strategy
0	02:29:18.371	EA_CrossOver_Dow US30USD,H1: initialized
0	02:30:41.020	EA_CrossOver_Dow US30USD,H1: uninit reason 1
0	02:30:41.036	Expert EA_CrossOver_Dow US30USD,H1: removed
0	05:17:04.791	Expert Trademyner\EA_CrossOver_Dow US30USD,M5: loaded successfully
0	05:17:06.838	EA_CrossOver_Dow US30USD,M5 inputs: lotSize=0.1; RR=6.0; fast_ma_period=8; slow_ma_period=20; 
0	05:17:06.869	EA_CrossOver_Dow US30USD,M5: Starting the strategy
0	05:17:06.869	EA_CrossOver_Dow US30USD,M5: initialized
0	05:17:06.869	EA_CrossOver_Dow US30USD,M5: No Signal
0	05:20:00.413	EA_CrossOver_Dow US30USD,M5: No Signal
0	05:25:00.295	EA_CrossOver_Dow US30USD,M5: No Signal
0	05:30:00.165	EA_CrossOver_Dow US30USD,M5: No Signal
0	05:35:00.252	EA_CrossOver_Dow US30USD,M5: No Signal
0	05:40:00.584	EA_CrossOver_Dow US30USD,M5: No Signal
0	05:42:01.972	EA_CrossOver_Dow US30USD,M5: uninit reason 3
0	05:42:02.253	EA_CrossOver_Dow US30USD,M15: Starting the strategy
0	05:42:02.253	EA_CrossOver_Dow US30USD,M15: initialized
0	05:42:05.862	EA_CrossOver_Dow US30USD,M15: uninit reason 3
0	05:42:06.144	EA_CrossOver_Dow US30USD,M30: Starting the strategy
0	05:42:06.144	EA_CrossOver_Dow US30USD,M30: initialized
0	05:42:08.034	EA_CrossOver_Dow US30USD,M30: uninit reason 3
0	05:42:08.331	EA_CrossOver_Dow US30USD,H1: Starting the strategy
0	05:42:08.331	EA_CrossOver_Dow US30USD,H1: initialized
0	05:42:18.972	EA_CrossOver_Dow US30USD,H1: uninit reason 3
0	05:42:19.004	EA_CrossOver_Dow US30USD,M5: Starting the strategy
0	05:42:19.004	EA_CrossOver_Dow US30USD,M5: initialized
0	05:42:24.426	EA_CrossOver_Dow US30USD,M5: uninit reason 3
0	05:42:24.441	EA_CrossOver_Dow US30USD,H1: Starting the strategy
0	05:42:24.441	EA_CrossOver_Dow US30USD,H1: initialized
0	05:44:33.509	EA_CrossOver_Dow US30USD,H1: uninit reason 2
0	05:44:33.509	Expert EA_CrossOver_Dow US30USD,H1: removed
0	05:44:33.525	Expert Trademyner\EA_CrossOver_Dow US30USD,H1: loaded successfully
0	05:44:33.540	EA_CrossOver_Dow US30USD,H1: Starting the strategy
0	05:44:33.540	EA_CrossOver_Dow US30USD,H1: initialized
0	05:44:35.321	EA_CrossOver_Dow US30USD,H1: No Signal
0	06:00:00.124	EA_CrossOver_Dow US30USD,H1: Sending order for Strategy-US30USD122-US30USD
0	06:00:00.124	EA_CrossOver_Dow US30USD,H1: Entry Price = 30008.8
0	06:00:00.124	EA_CrossOver_Dow US30USD,H1: Stop Loss Price = 30075.8
0	06:00:00.124	EA_CrossOver_Dow US30USD,H1: Take Profit Price = 29606.8
2	06:00:00.437	EA_CrossOver_Dow US30USD,H1: open #95981427 sell limit 0.10 US30USD at 30008.8 sl: 30075.8 tp: 29606.8 ok
0	06:00:00.437	EA_CrossOver_Dow US30USD,H1: New Order US30USD122 95981427
0	07:00:00.126	EA_CrossOver_Dow US30USD,H1: No Signal
