0	23:04:54.685	Expert BBStrat EURUSD,H1: loaded successfully
0	23:04:56.728	Expert BBStrat EURUSD,H1: removed
0	23:05:45.239	Expert BBStrat GBPUSD,M5: loaded successfully
0	23:05:47.169	BBStrat GBPUSD,M5 inputs: bbPeriod=50; bandStdEntry=2; bandStdProfitExit=1; bandStdLossExit=6; riskPerTrade=0.02; rsiLowerLevel=40; rsiUpperLevel=60; 
0	23:05:47.187	BBStrat GBPUSD,M5: Alert: 
0	23:05:47.187	BBStrat GBPUSD,M5: Alert: Starting Strategy BB 2Bans MR
0	23:05:47.187	BBStrat GBPUSD,M5: initialized
0	23:06:19.464	Automated trading enabled
0	23:09:38.823	BBStrat GBPUSD,M5: uninit reason 2
0	23:09:38.823	BBStrat GBPUSD,M5: Alert: Stopping Strategy BB 2Bans MR
0	23:09:38.826	Expert BBStrat GBPUSD,M5: removed
0	23:09:38.841	Expert BBStrat GBPUSD,M5: loaded successfully
0	23:09:38.868	BBStrat GBPUSD,M5: Alert: 
0	23:09:38.868	BBStrat GBPUSD,M5: Alert: Starting Strategy BB 2Bans MR
0	23:09:38.868	BBStrat GBPUSD,M5: initialized
0	23:09:40.044	BBStrat GBPUSD,M5: Alert: 1.25467
0	23:09:40.635	BBStrat GBPUSD,M5: Alert: 1.25468
0	23:09:42.289	BBStrat GBPUSD,M5: Alert: 1.25467
0	23:09:42.321	BBStrat GBPUSD,M5: Alert: 1.25467
0	23:09:45.717	BBStrat GBPUSD,M5: Alert: 1.25467
0	23:09:45.749	BBStrat GBPUSD,M5: Alert: 1.25469
0	23:09:46.650	BBStrat GBPUSD,M5: Alert: 1.25469
0	23:09:47.740	BBStrat GBPUSD,M5: Alert: 1.25469
0	23:09:50.083	BBStrat GBPUSD,M5: Alert: 1.25468
0	23:09:50.944	BBStrat GBPUSD,M5: Alert: 1.25466
0	23:09:51.056	BBStrat GBPUSD,M5: Alert: 1.25465
0	23:09:51.678	BBStrat GBPUSD,M5: Alert: 1.25468
0	23:09:54.264	BBStrat GBPUSD,M5: Alert: 1.25466
0	23:09:54.312	BBStrat GBPUSD,M5: Alert: 1.25462
0	23:09:54.515	BBStrat GBPUSD,M5: Alert: 1.25462
0	23:09:55.505	BBStrat GBPUSD,M5: Alert: 1.25461
0	23:09:56.868	BBStrat GBPUSD,M5: Alert: 1.25462
0	23:09:57.089	BBStrat GBPUSD,M5: Alert: 1.25459
0	23:09:57.291	BBStrat GBPUSD,M5: Alert: 1.25458
0	23:09:57.305	BBStrat GBPUSD,M5: Alert: 1.25461
0	23:09:57.557	BBStrat GBPUSD,M5: Alert: 1.25464
0	23:09:57.870	BBStrat GBPUSD,M5: Alert: 1.25463
0	23:09:58.439	BBStrat GBPUSD,M5: Alert: 1.25461
0	23:09:58.518	BBStrat GBPUSD,M5: Alert: 1.25461
0	23:09:58.612	BBStrat GBPUSD,M5: Alert: 1.25461
0	23:10:00.357	BBStrat GBPUSD,M5: Alert: 1.25462
0	23:10:00.516	BBStrat GBPUSD,M5: Alert: 1.25461
0	23:10:00.763	BBStrat GBPUSD,M5: Alert: 1.25462
0	23:10:01.599	BBStrat GBPUSD,M5: Alert: 1.25464
0	23:10:01.741	BBStrat GBPUSD,M5: Alert: 1.25462
0	23:10:02.225	BBStrat GBPUSD,M5: Alert: 1.25462
0	23:10:03.312	BBStrat GBPUSD,M5: uninit reason 2
0	23:10:03.312	BBStrat GBPUSD,M5: Alert: Stopping Strategy BB 2Bans MR
0	23:10:03.314	Expert BBStrat GBPUSD,M5: removed
0	23:10:03.328	Expert BBStrat GBPUSD,M5: loaded successfully
0	23:10:03.349	BBStrat GBPUSD,M5: Alert: 
0	23:10:03.349	BBStrat GBPUSD,M5: Alert: Starting Strategy BB 2Bans MR
0	23:10:03.349	BBStrat GBPUSD,M5: initialized
0	23:13:27.464	BBStrat GBPUSD,M5: uninit reason 1
0	23:13:27.464	BBStrat GBPUSD,M5: Alert: Stopping Strategy BB 2Bans MR
0	23:13:27.483	Expert BBStrat GBPUSD,M5: removed
0	23:13:33.057	Expert test GBPUSD,M5: loaded successfully
0	23:13:34.324	test GBPUSD,M5: Alert: Starting test strategy
0	23:13:34.324	test GBPUSD,M5: initialized
0	23:13:35.379	test GBPUSD,M5: Alert: Hello world
0	23:13:36.531	test GBPUSD,M5: Alert: Hello world
0	23:13:37.021	test GBPUSD,M5: Alert: Hello world
0	23:13:39.840	test GBPUSD,M5: Alert: Hello world
0	23:13:39.883	test GBPUSD,M5: Alert: Hello world
0	23:13:41.101	test GBPUSD,M5: Alert: Hello world
0	23:13:41.725	test GBPUSD,M5: Alert: Hello world
0	23:13:41.946	test GBPUSD,M5: Alert: Hello world
0	23:13:44.887	test GBPUSD,M5: Alert: Hello world
0	23:13:45.252	test GBPUSD,M5: Alert: Hello world
0	23:13:48.151	test GBPUSD,M5: Alert: Hello world
0	23:13:49.991	test GBPUSD,M5: uninit reason 2
0	23:13:49.993	Expert test GBPUSD,M5: removed
0	23:13:50.005	Expert test GBPUSD,M5: loaded successfully
0	23:13:50.019	test GBPUSD,M5: Alert: Starting test strategy
0	23:13:50.019	test GBPUSD,M5: initialized
0	23:14:42.911	test GBPUSD,M5: uninit reason 2
0	23:14:42.914	Expert test GBPUSD,M5: removed
0	23:14:42.924	Expert test GBPUSD,M5: loaded successfully
0	23:14:42.940	test GBPUSD,M5: Alert: Starting test strategy
0	23:14:42.940	test GBPUSD,M5: initialized
0	23:14:44.865	test GBPUSD,M5: Alert: 1.2545
0	23:14:45.176	test GBPUSD,M5: Alert: 1.2545
0	23:14:45.638	test GBPUSD,M5: Alert: 1.2545
0	23:14:46.297	test GBPUSD,M5: Alert: 1.2545
0	23:14:47.152	test GBPUSD,M5: Alert: 1.2545
0	23:14:49.315	test GBPUSD,M5: Alert: 1.2545
0	23:14:49.520	test GBPUSD,M5: Alert: 1.2545
0	23:14:51.204	test GBPUSD,M5: Alert: 1.2545
0	23:14:58.278	test GBPUSD,M5: Alert: 1.2545
0	23:14:58.385	test GBPUSD,M5: Alert: 1.2545
0	23:14:59.228	test GBPUSD,M5: Alert: 1.2545
0	23:14:59.429	test GBPUSD,M5: Alert: 1.2545
0	23:15:01.201	test GBPUSD,M5: Alert: 1.2545
0	23:15:02.238	test GBPUSD,M5: Alert: 1.2545
0	23:15:03.272	test GBPUSD,M5: Alert: 1.2545
0	23:15:03.540	test GBPUSD,M5: Alert: 1.2546
0	23:15:03.600	test GBPUSD,M5: Alert: 1.2546
0	23:15:08.937	test GBPUSD,M5: Alert: 1.2546
0	23:15:09.267	test GBPUSD,M5: Alert: 1.2546
0	23:15:09.506	test GBPUSD,M5: Alert: 1.2546
0	23:15:10.075	test GBPUSD,M5: Alert: 1.2546
0	23:15:10.496	test GBPUSD,M5: Alert: 1.2546
0	23:15:11.308	test GBPUSD,M5: Alert: 1.2546
0	23:15:11.463	test GBPUSD,M5: Alert: 1.2546
0	23:15:12.024	test GBPUSD,M5: Alert: 1.2546
0	23:15:12.520	test GBPUSD,M5: Alert: 1.2546
0	23:15:13.049	test GBPUSD,M5: Alert: 1.2546
0	23:15:13.191	test GBPUSD,M5: Alert: 1.2546
0	23:15:13.349	test GBPUSD,M5: Alert: 1.2546
0	23:15:14.215	test GBPUSD,M5: Alert: 1.2546
0	23:15:15.928	test GBPUSD,M5: Alert: 1.2545
0	23:15:17.797	test GBPUSD,M5: Alert: 1.2546
0	23:15:18.433	test GBPUSD,M5: Alert: 1.2546
0	23:15:18.606	test GBPUSD,M5: Alert: 1.2546
0	23:15:19.713	test GBPUSD,M5: Alert: 1.2546
0	23:15:20.798	test GBPUSD,M5: uninit reason 2
0	23:15:20.802	Expert test GBPUSD,M5: removed
0	23:15:20.811	Expert test GBPUSD,M5: loaded successfully
0	23:15:20.823	test GBPUSD,M5: Alert: Starting test strategy
0	23:15:20.823	test GBPUSD,M5: initialized
0	23:16:42.070	test GBPUSD,M5: uninit reason 2
0	23:16:42.072	Expert test GBPUSD,M5: removed
0	23:16:42.081	Expert test GBPUSD,M5: loaded successfully
0	23:16:42.096	test GBPUSD,M5: Alert: Starting test strategy
0	23:16:42.096	test GBPUSD,M5: initialized
0	23:16:43.839	test GBPUSD,M5: 1.2547
0	23:16:44.126	test GBPUSD,M5: 1.2547
0	23:16:44.382	test GBPUSD,M5: 1.2547
0	23:16:44.801	test GBPUSD,M5: 1.2547
0	23:16:45.224	test GBPUSD,M5: 1.2547
0	23:16:46.552	test GBPUSD,M5: 1.2547
0	23:16:46.948	test GBPUSD,M5: 1.2547
0	23:16:47.199	test GBPUSD,M5: 1.2547
0	23:16:47.597	test GBPUSD,M5: 1.2547
0	23:16:48.263	test GBPUSD,M5: 1.2547
0	23:16:48.411	test GBPUSD,M5: 1.2547
0	23:16:48.617	test GBPUSD,M5: 1.2547
0	23:16:48.723	test GBPUSD,M5: 1.2547
0	23:16:48.893	test GBPUSD,M5: 1.2547
0	23:16:49.314	test GBPUSD,M5: 1.2547
0	23:16:49.409	test GBPUSD,M5: 1.2547
0	23:16:49.658	test GBPUSD,M5: 1.2547
0	23:16:49.743	test GBPUSD,M5: 1.2547
0	23:16:50.767	test GBPUSD,M5: 1.2547
0	23:16:51.283	test GBPUSD,M5: 1.2547
0	23:16:51.527	test GBPUSD,M5: 1.2547
0	23:16:52.892	test GBPUSD,M5: 1.2547
0	23:16:52.956	test GBPUSD,M5: 1.2547
0	23:16:53.384	test GBPUSD,M5: 1.2546
0	23:16:55.444	test GBPUSD,M5: 1.2546
0	23:16:57.021	test GBPUSD,M5: 1.2546
0	23:17:02.269	test GBPUSD,M5: 1.2547
0	23:17:03.174	test GBPUSD,M5: 1.2546
0	23:17:04.782	test GBPUSD,M5: 1.2546
0	23:17:06.651	test GBPUSD,M5: 1.2546
0	23:17:07.046	test GBPUSD,M5: 1.2546
0	23:17:09.177	test GBPUSD,M5: 1.2547
0	23:17:09.473	test GBPUSD,M5: 1.2547
0	23:17:09.950	test GBPUSD,M5: 1.2547
0	23:17:10.191	test GBPUSD,M5: 1.2547
0	23:17:10.921	test GBPUSD,M5: 1.2547
0	23:17:11.194	test GBPUSD,M5: 1.2547
0	23:17:11.322	test GBPUSD,M5: 1.2546
0	23:17:12.571	test GBPUSD,M5: 1.2546
0	23:17:13.463	test GBPUSD,M5: 1.2546
0	23:17:23.014	test GBPUSD,M5: 1.2547
0	23:17:23.794	test GBPUSD,M5: 1.2547
0	23:17:24.116	test GBPUSD,M5: 1.2547
0	23:17:25.538	test GBPUSD,M5: 1.2547
0	23:17:25.829	test GBPUSD,M5: 1.2546
0	23:17:25.865	test GBPUSD,M5: 1.2546
0	23:17:25.962	test GBPUSD,M5: 1.2546
0	23:17:26.386	test GBPUSD,M5: 1.2545
0	23:17:27.611	test GBPUSD,M5: 1.2546
0	23:17:28.367	test GBPUSD,M5: 1.2546
0	23:17:34.814	test GBPUSD,M5: 1.2546
0	23:17:34.971	test GBPUSD,M5: 1.2546
0	23:17:35.264	test GBPUSD,M5: 1.2545
0	23:17:35.501	test GBPUSD,M5: 1.2545
0	23:17:37.302	test GBPUSD,M5: 1.2545
0	23:17:39.258	test GBPUSD,M5: uninit reason 2
0	23:17:39.260	Expert test GBPUSD,M5: removed
0	23:17:39.267	Expert test GBPUSD,M5: loaded successfully
0	23:17:39.277	test GBPUSD,M5: Alert: Starting test strategy
0	23:17:39.277	test GBPUSD,M5: initialized
0	23:17:39.462	test GBPUSD,M5: 5
0	23:17:39.662	test GBPUSD,M5: 5
0	23:17:41.904	test GBPUSD,M5: 5
0	23:17:42.262	test GBPUSD,M5: 5
0	23:17:44.304	test GBPUSD,M5: 5
0	23:17:44.420	test GBPUSD,M5: 5
0	23:17:45.323	test GBPUSD,M5: 5
0	23:17:46.775	test GBPUSD,M5: 5
0	23:17:46.917	test GBPUSD,M5: 5
0	23:17:46.965	test GBPUSD,M5: 5
0	23:17:47.150	test GBPUSD,M5: 5
0	23:17:49.194	test GBPUSD,M5: 5
0	23:17:49.280	test GBPUSD,M5: 5
0	23:17:49.381	test GBPUSD,M5: 5
0	23:17:49.965	test GBPUSD,M5: 5
0	23:17:50.928	test GBPUSD,M5: 5
0	23:17:51.212	test GBPUSD,M5: 5
0	23:17:51.427	test GBPUSD,M5: 5
0	23:17:51.746	test GBPUSD,M5: 5
0	23:17:51.926	test GBPUSD,M5: 5
0	23:17:51.993	test GBPUSD,M5: 5
0	23:17:52.209	test GBPUSD,M5: 5
0	23:17:52.411	test GBPUSD,M5: 5
0	23:17:53.930	test GBPUSD,M5: 5
0	23:17:54.160	test GBPUSD,M5: 5
0	23:17:54.503	test GBPUSD,M5: 5
0	23:17:55.332	test GBPUSD,M5: 5
0	23:17:56.673	test GBPUSD,M5: 5
0	23:17:58.762	test GBPUSD,M5: 5
0	23:18:00.780	test GBPUSD,M5: 5
0	23:18:01.452	test GBPUSD,M5: 5
0	23:18:02.428	test GBPUSD,M5: 5
0	23:18:03.394	test GBPUSD,M5: 5
0	23:18:04.161	test GBPUSD,M5: 5
0	23:18:04.692	test GBPUSD,M5: 5
0	23:18:04.756	test GBPUSD,M5: 5
0	23:18:05.022	test GBPUSD,M5: 5
0	23:18:06.292	test GBPUSD,M5: 5
0	23:18:07.607	test GBPUSD,M5: uninit reason 2
0	23:18:07.609	Expert test GBPUSD,M5: removed
0	23:18:07.621	Expert test GBPUSD,M5: loaded successfully
0	23:18:07.635	test GBPUSD,M5: Alert: Starting test strategy
0	23:18:07.635	test GBPUSD,M5: initialized
0	23:18:08.233	test GBPUSD,M5: 1.2545
0	23:18:08.459	test GBPUSD,M5: 1.2545
0	23:18:08.747	test GBPUSD,M5: 1.2545
0	23:18:09.487	test GBPUSD,M5: 1.2545
0	23:18:09.893	test GBPUSD,M5: 1.2545
0	23:18:10.235	test GBPUSD,M5: 1.2545
0	23:18:11.132	test GBPUSD,M5: 1.2545
0	23:18:14.309	test GBPUSD,M5: 1.2545
0	23:18:14.371	test GBPUSD,M5: 1.2545
0	23:18:14.387	test GBPUSD,M5: 1.2545
0	23:18:14.423	test GBPUSD,M5: 1.2545
0	23:18:14.793	test GBPUSD,M5: 1.2545
0	23:18:19.331	test GBPUSD,M5: 1.2545
0	23:18:19.366	test GBPUSD,M5: 1.2544
0	23:18:19.467	test GBPUSD,M5: 1.2544
0	23:18:20.243	test GBPUSD,M5: 1.2544
0	23:18:20.264	test GBPUSD,M5: 1.2544
0	23:18:22.554	test GBPUSD,M5: 1.2544
0	23:18:22.957	test GBPUSD,M5: 1.2544
0	23:18:23.490	test GBPUSD,M5: 1.2544
0	23:18:23.726	test GBPUSD,M5: 1.2544
0	23:18:23.947	test GBPUSD,M5: 1.2544
0	23:18:24.651	test GBPUSD,M5: 1.2544
0	23:18:25.513	test GBPUSD,M5: 1.2544
0	23:18:25.660	test GBPUSD,M5: 1.2544
0	23:18:25.834	test GBPUSD,M5: 1.2544
0	23:18:25.959	test GBPUSD,M5: 1.2544
0	23:18:27.518	test GBPUSD,M5: 1.2544
0	23:18:35.060	test GBPUSD,M5: 1.2544
0	23:18:36.753	test GBPUSD,M5: 1.2544
0	23:18:37.268	test GBPUSD,M5: 1.2544
0	23:18:37.438	test GBPUSD,M5: 1.2543
0	23:18:37.559	test GBPUSD,M5: 1.2543
0	23:18:42.276	test GBPUSD,M5: 1.2543
0	23:18:42.461	test GBPUSD,M5: 1.2543
0	23:18:42.675	test GBPUSD,M5: 1.2543
0	23:18:42.945	test GBPUSD,M5: 1.2543
0	23:18:43.811	test GBPUSD,M5: 1.2543
0	23:18:44.266	test GBPUSD,M5: 1.2543
0	23:18:44.490	test GBPUSD,M5: 1.2543
0	23:18:44.728	test GBPUSD,M5: 1.2543
0	23:18:45.844	test GBPUSD,M5: 1.2543
0	23:18:46.203	test GBPUSD,M5: 1.2543
0	23:18:47.277	test GBPUSD,M5: 1.2543
0	23:18:47.818	test GBPUSD,M5: 1.2543
0	23:18:48.052	test GBPUSD,M5: 1.2543
0	23:18:48.299	test GBPUSD,M5: 1.2543
0	23:18:48.806	test GBPUSD,M5: 1.2543
0	23:18:49.183	test GBPUSD,M5: 1.2543
0	23:18:49.270	test GBPUSD,M5: uninit reason 2
0	23:18:49.273	Expert test GBPUSD,M5: removed
0	23:18:49.283	Expert test GBPUSD,M5: loaded successfully
0	23:18:49.297	test GBPUSD,M5: Alert: Starting test strategy
0	23:18:49.297	test GBPUSD,M5: initialized
0	23:18:52.192	test GBPUSD,M5: 1.2543
0	23:18:53.292	test GBPUSD,M5: 1.2543
0	23:18:53.444	test GBPUSD,M5: 1.2543
0	23:18:53.862	test GBPUSD,M5: 1.2543
0	23:18:53.969	test GBPUSD,M5: 1.2543
0	23:18:56.986	test GBPUSD,M5: 1.2543
0	23:18:57.300	test GBPUSD,M5: 1.2543
0	23:18:57.920	test GBPUSD,M5: 1.2543
0	23:18:58.047	test GBPUSD,M5: 1.2543
0	23:18:58.317	test GBPUSD,M5: 1.2543
0	23:18:59.066	test GBPUSD,M5: 1.2543
0	23:18:59.235	test GBPUSD,M5: 1.2542
0	23:18:59.332	test GBPUSD,M5: 1.2543
0	23:18:59.468	test GBPUSD,M5: 1.2542
0	23:18:59.791	test GBPUSD,M5: 1.2543
0	23:18:59.866	test GBPUSD,M5: 1.2543
0	23:18:59.986	test GBPUSD,M5: 1.2542
0	23:19:00.712	test GBPUSD,M5: 1.2542
0	23:19:04.047	test GBPUSD,M5: 1.2543
0	23:19:04.468	test GBPUSD,M5: 1.2543
0	23:19:04.796	test GBPUSD,M5: 1.2543
0	23:19:04.905	test GBPUSD,M5: 1.2543
0	23:19:04.945	test GBPUSD,M5: 1.2543
0	23:19:04.992	test GBPUSD,M5: 1.2543
0	23:19:05.207	test GBPUSD,M5: 1.2543
0	23:19:05.343	test GBPUSD,M5: 1.2543
0	23:19:05.481	test GBPUSD,M5: 1.2543
0	23:19:05.525	test GBPUSD,M5: 1.2543
0	23:19:05.781	test GBPUSD,M5: 1.2543
0	23:19:05.972	test GBPUSD,M5: 1.2543
0	23:19:07.493	test GBPUSD,M5: 1.2543
0	23:19:08.168	test GBPUSD,M5: 1.2543
0	23:19:09.398	test GBPUSD,M5: 1.2543
0	23:19:09.484	test GBPUSD,M5: 1.2543
0	23:19:10.906	test GBPUSD,M5: 1.2543
0	23:19:13.277	test GBPUSD,M5: 1.2543
0	23:19:13.410	test GBPUSD,M5: 1.2543
0	23:19:13.564	test GBPUSD,M5: 1.2543
0	23:19:17.221	test GBPUSD,M5: 1.2543
0	23:19:21.400	test GBPUSD,M5: 1.2543
0	23:19:21.481	test GBPUSD,M5: 1.2543
0	23:19:21.499	test GBPUSD,M5: 1.2543
0	23:19:21.755	test GBPUSD,M5: 1.2543
0	23:19:23.046	test GBPUSD,M5: 1.2543
0	23:19:23.211	test GBPUSD,M5: 1.2543
0	23:19:23.460	test GBPUSD,M5: 1.2543
0	23:19:23.711	test GBPUSD,M5: 1.2543
0	23:19:23.895	test GBPUSD,M5: 1.2543
0	23:19:24.823	test GBPUSD,M5: 1.2543
0	23:19:25.764	test GBPUSD,M5: 1.2543
0	23:19:25.857	test GBPUSD,M5: 1.2543
0	23:19:26.528	test GBPUSD,M5: 1.2543
0	23:19:26.707	test GBPUSD,M5: 1.2543
0	23:19:27.081	test GBPUSD,M5: 1.2543
0	23:19:27.208	test GBPUSD,M5: 1.2542
0	23:19:29.213	test GBPUSD,M5: 1.2542
0	23:19:34.736	test GBPUSD,M5: 1.2542
0	23:19:34.994	test GBPUSD,M5: 1.2542
0	23:19:35.643	test GBPUSD,M5: 1.2543
0	23:19:37.755	test GBPUSD,M5: 1.2542
0	23:19:40.018	test GBPUSD,M5: 1.2542
0	23:19:40.317	test GBPUSD,M5: 1.2542
0	23:19:40.750	test GBPUSD,M5: 1.2542
0	23:19:43.846	test GBPUSD,M5: 1.2542
0	23:19:55.816	test GBPUSD,M5: 1.2543
0	23:19:55.965	test GBPUSD,M5: 1.2543
0	23:19:56.131	test GBPUSD,M5: 1.2543
0	23:19:56.424	test GBPUSD,M5: 1.2543
0	23:19:57.383	test GBPUSD,M5: 1.2543
0	23:19:57.505	test GBPUSD,M5: 1.2543
0	23:19:58.060	test GBPUSD,M5: 1.2543
0	23:19:58.424	test GBPUSD,M5: 1.2543
0	23:19:58.866	test GBPUSD,M5: 1.2543
0	23:19:59.399	test GBPUSD,M5: 1.2543
0	23:19:59.475	test GBPUSD,M5: 1.2544
0	23:19:59.726	test GBPUSD,M5: 1.2544
0	23:20:00.157	test GBPUSD,M5: 1.2544
0	23:20:01.453	test GBPUSD,M5: 1.2544
0	23:20:01.598	test GBPUSD,M5: 1.2544
0	23:20:01.984	test GBPUSD,M5: 1.2543
0	23:20:02.018	test GBPUSD,M5: 1.2544
0	23:20:04.778	test GBPUSD,M5: 1.2544
0	23:20:09.317	test GBPUSD,M5: uninit reason 2
0	23:20:09.319	Expert test GBPUSD,M5: removed
0	23:20:09.329	Expert test GBPUSD,M5: loaded successfully
0	23:20:09.343	test GBPUSD,M5: Alert: Starting test strategy
0	23:20:09.343	test GBPUSD,M5: initialized
0	23:20:10.368	test GBPUSD,M5: Alert: 1.2544
0	23:20:12.296	test GBPUSD,M5: Alert: 1.2544
0	23:20:14.085	test GBPUSD,M5: Alert: 1.2543
0	23:20:14.496	test GBPUSD,M5: Alert: 1.2544
0	23:20:15.102	test GBPUSD,M5: Alert: 1.2544
0	23:20:15.294	test GBPUSD,M5: Alert: 1.2544
0	23:20:17.621	test GBPUSD,M5: Alert: 1.2544
0	23:20:18.532	test GBPUSD,M5: Alert: 1.2543
0	23:20:18.833	test GBPUSD,M5: Alert: 1.2543
0	23:20:18.974	test GBPUSD,M5: Alert: 1.2543
0	23:20:19.006	test GBPUSD,M5: Alert: 1.2543
0	23:20:20.234	test GBPUSD,M5: Alert: 1.2543
0	23:20:20.463	test GBPUSD,M5: Alert: 1.2543
0	23:20:21.068	test GBPUSD,M5: Alert: 1.2544
0	23:20:21.282	test GBPUSD,M5: Alert: 1.2543
0	23:20:21.489	test GBPUSD,M5: Alert: 1.2543
0	23:20:21.609	test GBPUSD,M5: Alert: 1.2543
0	23:20:21.779	test GBPUSD,M5: Alert: 1.2543
0	23:20:22.478	test GBPUSD,M5: Alert: 1.2543
0	23:20:22.920	test GBPUSD,M5: Alert: 1.2543
0	23:20:23.030	test GBPUSD,M5: Alert: 1.2543
0	23:20:24.814	test GBPUSD,M5: Alert: 1.2543
0	23:20:25.189	test GBPUSD,M5: Alert: 1.2543
0	23:20:26.373	test GBPUSD,M5: Alert: 1.2543
0	23:20:26.484	test GBPUSD,M5: Alert: 1.2543
0	23:20:26.564	test GBPUSD,M5: Alert: 1.2543
0	23:20:26.687	test GBPUSD,M5: Alert: 1.2544
0	23:20:28.092	test GBPUSD,M5: Alert: 1.2544
0	23:20:28.318	test GBPUSD,M5: Alert: 1.2543
0	23:20:28.348	test GBPUSD,M5: Alert: 1.2543
0	23:20:28.832	test GBPUSD,M5: Alert: 1.2544
0	23:20:28.983	test GBPUSD,M5: Alert: 1.2544
0	23:20:30.322	test GBPUSD,M5: Alert: 1.2544
0	23:20:32.086	test GBPUSD,M5: Alert: 1.2544
0	23:20:32.286	test GBPUSD,M5: Alert: 1.2544
0	23:20:32.575	test GBPUSD,M5: Alert: 1.2544
0	23:20:33.272	test GBPUSD,M5: Alert: 1.2544
0	23:20:33.897	test GBPUSD,M5: Alert: 1.2544
0	23:20:33.962	test GBPUSD,M5: Alert: 1.2544
0	23:20:34.395	test GBPUSD,M5: Alert: 1.2544
0	23:20:34.614	test GBPUSD,M5: Alert: 1.2544
0	23:20:34.886	test GBPUSD,M5: uninit reason 2
0	23:20:34.888	Expert test GBPUSD,M5: removed
0	23:20:34.898	Expert test GBPUSD,M5: loaded successfully
0	23:20:34.910	test GBPUSD,M5: Alert: Starting test strategy
0	23:20:34.910	test GBPUSD,M5: initialized
0	23:20:34.996	test GBPUSD,M5: Alert: 1.2544
0	23:20:35.126	test GBPUSD,M5: Alert: 1.2544
0	23:20:35.305	test GBPUSD,M5: Alert: 1.2544
0	23:20:35.694	test GBPUSD,M5: Alert: 1.2544
0	23:20:37.524	test GBPUSD,M5: Alert: 1.2544
0	23:20:37.690	test GBPUSD,M5: Alert: 1.2544
0	23:20:37.795	test GBPUSD,M5: Alert: 1.2544
0	23:20:38.029	test GBPUSD,M5: Alert: 1.2544
0	23:20:39.890	test GBPUSD,M5: Alert: 1.2544
0	23:20:42.094	test GBPUSD,M5: Alert: 1.2543
0	23:20:43.792	test GBPUSD,M5: Alert: 1.2543
0	23:20:47.589	test GBPUSD,M5: Alert: 1.2543
0	23:20:50.894	test GBPUSD,M5: Alert: 1.2543
0	23:20:51.402	test GBPUSD,M5: Alert: 1.2543
0	23:20:51.903	test GBPUSD,M5: Alert: 1.2543
0	23:20:52.070	test GBPUSD,M5: Alert: 1.2544
0	23:20:52.136	test GBPUSD,M5: Alert: 1.2544
0	23:20:53.436	test GBPUSD,M5: Alert: 1.2544
0	23:20:53.497	test GBPUSD,M5: Alert: 1.2544
0	23:21:00.123	test GBPUSD,M5: Alert: 1.2544
0	23:21:03.151	test GBPUSD,M5: Alert: 1.2544
0	23:21:04.036	test GBPUSD,M5: Alert: 1.2544
0	23:21:04.241	test GBPUSD,M5: Alert: 1.2544
0	23:21:05.349	test GBPUSD,M5: Alert: 1.2544
0	23:21:05.781	test GBPUSD,M5: uninit reason 2
0	23:21:05.783	Expert test GBPUSD,M5: removed
0	23:21:05.794	Expert test GBPUSD,M5: loaded successfully
0	23:21:05.808	test GBPUSD,M5: Alert: Starting test strategy
0	23:21:05.808	test GBPUSD,M5: initialized
0	23:21:06.415	test GBPUSD,M5: Alert: 1.2544
0	23:21:07.112	test GBPUSD,M5: Alert: 1.2544
0	23:21:07.227	test GBPUSD,M5: Alert: 1.2544
0	23:21:08.143	test GBPUSD,M5: Alert: 1.2544
0	23:21:09.155	test GBPUSD,M5: Alert: 1.2544
0	23:21:14.912	test GBPUSD,M5: Alert: 1.2544
0	23:21:15.117	test GBPUSD,M5: Alert: 1.2544
0	23:21:21.721	test GBPUSD,M5: Alert: 1.2544
0	23:21:23.552	test GBPUSD,M5: Alert: 1.2543
0	23:21:23.740	test GBPUSD,M5: Alert: 1.2543
0	23:21:26.897	test GBPUSD,M5: Alert: 1.2543
0	23:21:29.060	test GBPUSD,M5: Alert: 1.2543
0	23:21:29.251	test GBPUSD,M5: Alert: 1.2543
0	23:21:29.521	test GBPUSD,M5: Alert: 1.2543
0	23:21:30.147	test GBPUSD,M5: Alert: 1.2543
0	23:21:30.350	test GBPUSD,M5: Alert: 1.2543
0	23:21:32.257	test GBPUSD,M5: Alert: 1.2543
0	23:21:33.069	test GBPUSD,M5: Alert: 1.2543
0	23:21:33.363	test GBPUSD,M5: Alert: 1.2543
0	23:21:33.615	test GBPUSD,M5: Alert: 1.2543
0	23:21:33.979	test GBPUSD,M5: Alert: 1.2543
0	23:21:35.400	test GBPUSD,M5: Alert: 1.2544
0	23:21:35.528	test GBPUSD,M5: Alert: 1.2544
0	23:21:35.756	test GBPUSD,M5: Alert: 1.2544
0	23:21:36.027	test GBPUSD,M5: Alert: 1.2544
0	23:21:37.917	test GBPUSD,M5: Alert: 1.2544
0	23:21:39.092	test GBPUSD,M5: Alert: 1.2544
0	23:21:39.259	test GBPUSD,M5: Alert: 1.2543
0	23:21:40.193	test GBPUSD,M5: Alert: 1.2543
0	23:21:40.409	test GBPUSD,M5: Alert: 1.2543
0	23:21:40.724	test GBPUSD,M5: Alert: 1.2543
0	23:21:41.081	test GBPUSD,M5: Alert: 1.2543
0	23:21:41.733	test GBPUSD,M5: Alert: 1.2543
0	23:21:41.933	test GBPUSD,M5: Alert: 1.2543
0	23:21:41.947	test GBPUSD,M5: Alert: 1.2543
0	23:21:43.539	test GBPUSD,M5: Alert: 1.2543
0	23:21:44.270	test GBPUSD,M5: Alert: 1.2543
0	23:21:45.138	test GBPUSD,M5: Alert: 1.2543
0	23:21:47.164	test GBPUSD,M5: Alert: 1.2544
0	23:21:47.261	test GBPUSD,M5: Alert: 1.2544
0	23:21:48.060	test GBPUSD,M5: Alert: 1.2544
0	23:21:54.872	test GBPUSD,M5: Alert: 1.2543
0	23:21:54.942	test GBPUSD,M5: Alert: 1.2543
0	23:21:54.991	test GBPUSD,M5: Alert: 1.2543
0	23:21:58.044	test GBPUSD,M5: uninit reason 2
0	23:21:58.046	Expert test GBPUSD,M5: removed
0	23:21:58.054	Expert test GBPUSD,M5: loaded successfully
0	23:21:58.070	test GBPUSD,M5: Alert: Starting test strategy
0	23:21:58.070	test GBPUSD,M5: initialized
0	23:21:59.912	test GBPUSD,M5: 1.2543
0	23:22:01.091	test GBPUSD,M5: 1.2543
0	23:22:01.242	test GBPUSD,M5: 1.2543
0	23:22:01.893	test GBPUSD,M5: 1.2543
0	23:22:02.001	test GBPUSD,M5: 1.2543
0	23:22:02.222	test GBPUSD,M5: 1.2543
0	23:22:02.721	test GBPUSD,M5: 1.2543
0	23:22:03.990	test GBPUSD,M5: 1.2543
0	23:22:04.213	test GBPUSD,M5: 1.2543
0	23:22:04.553	test GBPUSD,M5: 1.2543
0	23:22:06.055	test GBPUSD,M5: 1.2543
0	23:22:06.282	test GBPUSD,M5: 1.2543
0	23:22:06.738	test GBPUSD,M5: 1.2543
0	23:22:07.050	test GBPUSD,M5: 1.2543
0	23:22:07.649	test GBPUSD,M5: 1.2543
0	23:22:08.613	test GBPUSD,M5: 1.2543
0	23:22:08.748	test GBPUSD,M5: 1.2543
0	23:22:09.218	test GBPUSD,M5: 1.2543
0	23:22:10.447	test GBPUSD,M5: 1.2543
0	23:22:10.505	test GBPUSD,M5: 1.2543
0	23:22:10.579	test GBPUSD,M5: 1.2543
0	23:22:10.812	test GBPUSD,M5: 1.2543
0	23:22:11.613	test GBPUSD,M5: 1.2543
0	23:22:11.792	test GBPUSD,M5: 1.2543
0	23:22:12.116	test GBPUSD,M5: 1.2543
0	23:22:14.954	test GBPUSD,M5: 1.2543
0	23:22:15.021	test GBPUSD,M5: 1.2543
0	23:22:15.404	test GBPUSD,M5: 1.2543
0	23:22:15.879	test GBPUSD,M5: 1.2543
0	23:22:16.298	test GBPUSD,M5: 1.2543
0	23:22:16.544	test GBPUSD,M5: 1.2543
0	23:22:16.673	test GBPUSD,M5: 1.2543
0	23:22:16.938	test GBPUSD,M5: 1.2543
0	23:22:17.174	test GBPUSD,M5: 1.2543
0	23:22:18.116	test GBPUSD,M5: 1.2543
0	23:22:19.183	test GBPUSD,M5: 1.2543
0	23:22:19.248	test GBPUSD,M5: 1.2543
0	23:22:19.781	test GBPUSD,M5: 1.2543
0	23:22:19.798	test GBPUSD,M5: 1.2543
0	23:22:20.284	test GBPUSD,M5: 1.2543
0	23:22:20.728	test GBPUSD,M5: 1.2543
0	23:22:20.796	test GBPUSD,M5: 1.2543
0	23:22:21.277	test GBPUSD,M5: 1.2543
0	23:22:21.592	test GBPUSD,M5: 1.2543
0	23:22:23.472	test GBPUSD,M5: 1.2543
0	23:22:23.539	test GBPUSD,M5: 1.2543
0	23:22:23.621	test GBPUSD,M5: 1.2543
0	23:22:23.969	test GBPUSD,M5: 1.2543
0	23:22:24.734	test GBPUSD,M5: 1.2543
0	23:22:25.952	test GBPUSD,M5: 1.2543
0	23:22:26.462	test GBPUSD,M5: 1.2543
0	23:22:27.134	test GBPUSD,M5: 1.2543
0	23:22:27.433	test GBPUSD,M5: 1.2543
0	23:22:28.243	test GBPUSD,M5: 1.2543
0	23:22:28.782	test GBPUSD,M5: 1.2543
0	23:22:29.546	test GBPUSD,M5: 1.2543
0	23:22:30.348	test GBPUSD,M5: 1.2543
0	23:22:30.549	test GBPUSD,M5: 1.2543
0	23:22:30.837	test GBPUSD,M5: 1.2543
0	23:22:32.949	test GBPUSD,M5: uninit reason 2
0	23:22:32.951	Expert test GBPUSD,M5: removed
0	23:22:32.958	Expert test GBPUSD,M5: loaded successfully
0	23:22:32.976	test GBPUSD,M5: Alert: Starting test strategy
0	23:22:32.976	test GBPUSD,M5: initialized
0	23:22:36.297	test GBPUSD,M5: 1.2543
0	23:22:38.999	test GBPUSD,M5: 1.2543
0	23:22:43.609	test GBPUSD,M5: 1.2543
0	23:22:43.943	test GBPUSD,M5: 1.2543
0	23:22:44.332	test GBPUSD,M5: 1.2543
0	23:22:48.066	test GBPUSD,M5: 1.2543
0	23:22:49.128	test GBPUSD,M5: 1.2543
0	23:22:51.761	test GBPUSD,M5: 1.2543
0	23:22:53.291	test GBPUSD,M5: 1.2543
0	23:22:55.040	test GBPUSD,M5: 1.2543
0	23:22:56.489	test GBPUSD,M5: 1.2543
0	23:22:56.557	test GBPUSD,M5: 1.2543
0	23:22:57.612	test GBPUSD,M5: 1.2543
0	23:22:57.829	test GBPUSD,M5: 1.2543
0	23:23:00.553	test GBPUSD,M5: 1.2543
0	23:23:03.191	test GBPUSD,M5: 1.2543
0	23:23:03.323	test GBPUSD,M5: 1.2543
0	23:23:03.524	test GBPUSD,M5: 1.2543
0	23:23:04.637	test GBPUSD,M5: 1.2543
0	23:23:17.663	test GBPUSD,M5: 1.2543
0	23:23:17.869	test GBPUSD,M5: 1.2543
0	23:23:18.152	test GBPUSD,M5: 1.2543
0	23:23:19.734	test GBPUSD,M5: 1.2543
0	23:23:32.564	test GBPUSD,M5: 1.2542
0	23:23:32.682	test GBPUSD,M5: 1.2542
0	23:23:32.790	test GBPUSD,M5: 1.2542
0	23:23:33.433	test GBPUSD,M5: 1.2542
0	23:23:35.646	test GBPUSD,M5: 1.2542
0	23:23:35.774	test GBPUSD,M5: 1.2542
0	23:23:35.864	test GBPUSD,M5: 1.2542
0	23:23:36.142	test GBPUSD,M5: 1.2542
0	23:23:36.335	test GBPUSD,M5: 1.2542
0	23:23:37.139	test GBPUSD,M5: 1.2542
0	23:23:38.117	test GBPUSD,M5: 1.2542
0	23:23:41.773	test GBPUSD,M5: 1.2542
0	23:23:45.668	test GBPUSD,M5: 1.2542
0	23:23:45.835	test GBPUSD,M5: 1.2542
0	23:23:46.918	test GBPUSD,M5: 1.2542
0	23:23:47.043	test GBPUSD,M5: 1.2542
0	23:23:47.212	test GBPUSD,M5: 1.2542
0	23:23:47.415	test GBPUSD,M5: 1.2542
0	23:23:48.155	test GBPUSD,M5: 1.2542
0	23:23:50.509	test GBPUSD,M5: 1.2542
0	23:23:51.117	test GBPUSD,M5: 1.2542
0	23:24:02.447	test GBPUSD,M5: 1.2542
0	23:24:02.697	test GBPUSD,M5: 1.2542
0	23:24:02.784	test GBPUSD,M5: 1.2542
0	23:24:02.863	test GBPUSD,M5: 1.2542
0	23:24:03.344	test GBPUSD,M5: 1.2542
0	23:24:03.497	test GBPUSD,M5: 1.2542
0	23:24:03.670	test GBPUSD,M5: 1.2542
0	23:24:03.958	test GBPUSD,M5: 1.2542
0	23:24:04.134	test GBPUSD,M5: 1.2542
0	23:24:04.348	test GBPUSD,M5: 1.2541
0	23:24:04.560	test GBPUSD,M5: 1.2542
0	23:24:04.606	test GBPUSD,M5: 1.2541
0	23:24:04.810	test GBPUSD,M5: 1.2542
0	23:24:05.696	test GBPUSD,M5: 1.2542
0	23:24:05.823	test GBPUSD,M5: 1.2542
0	23:24:07.498	test GBPUSD,M5: 1.2542
0	23:24:10.047	test GBPUSD,M5: 1.2542
0	23:24:10.089	test GBPUSD,M5: 1.2541
0	23:24:12.700	test GBPUSD,M5: 1.2541
0	23:24:14.075	test GBPUSD,M5: 1.2542
0	23:24:14.131	test GBPUSD,M5: 1.2541
0	23:24:14.280	test GBPUSD,M5: 1.2541
0	23:24:20.350	test GBPUSD,M5: 1.2542
0	23:24:36.114	test GBPUSD,M5: 1.2541
0	23:24:36.157	test GBPUSD,M5: 1.2541
0	23:24:36.327	test GBPUSD,M5: 1.2541
0	23:24:37.035	test GBPUSD,M5: 1.2542
0	23:24:39.155	test GBPUSD,M5: 1.2542
0	23:24:39.305	test GBPUSD,M5: 1.2542
0	23:24:40.319	test GBPUSD,M5: 1.2541
0	23:24:41.035	test GBPUSD,M5: 1.2542
0	23:24:41.985	test GBPUSD,M5: 1.2542
0	23:24:43.636	test GBPUSD,M5: 1.2542
0	23:24:43.798	test GBPUSD,M5: 1.2542
0	23:24:44.147	test GBPUSD,M5: 1.2541
0	23:24:44.546	test GBPUSD,M5: 1.2542
0	23:24:46.094	test GBPUSD,M5: 1.2542
0	23:24:46.145	test GBPUSD,M5: 1.2541
0	23:24:46.510	test GBPUSD,M5: 1.2541
0	23:24:47.260	test GBPUSD,M5: 1.2542
0	23:24:47.345	test GBPUSD,M5: 1.2542
0	23:24:48.228	test GBPUSD,M5: 1.2542
0	23:24:48.623	test GBPUSD,M5: 1.2542
0	23:24:48.824	test GBPUSD,M5: 1.2541
0	23:24:49.506	test GBPUSD,M5: 1.2542
0	23:24:49.839	test GBPUSD,M5: 1.2541
0	23:24:50.039	test GBPUSD,M5: 1.2542
0	23:24:52.987	test GBPUSD,M5: 1.2541
0	23:24:53.099	test GBPUSD,M5: 1.2541
0	23:24:55.097	test GBPUSD,M5: 1.2541
0	23:24:55.362	test GBPUSD,M5: 1.2541
0	23:24:58.575	test GBPUSD,M5: 1.2541
0	23:24:58.673	test GBPUSD,M5: 1.2541
0	23:24:58.825	test GBPUSD,M5: 1.2541
0	23:24:58.891	test GBPUSD,M5: 1.2541
0	23:25:00.138	test GBPUSD,M5: 1.2541
0	23:25:00.355	test GBPUSD,M5: 1.2541
0	23:25:02.318	test GBPUSD,M5: 1.2541
0	23:25:05.945	test GBPUSD,M5: 1.2541
0	23:25:06.674	test GBPUSD,M5: 1.2541
0	23:25:07.379	test GBPUSD,M5: 1.2541
0	23:25:08.042	test GBPUSD,M5: 1.2541
0	23:25:08.351	test GBPUSD,M5: 1.2541
0	23:25:08.458	test GBPUSD,M5: 1.2541
0	23:25:08.605	test GBPUSD,M5: 1.2541
0	23:25:09.972	test GBPUSD,M5: 1.2541
0	23:25:10.173	test GBPUSD,M5: 1.2541
0	23:25:10.213	test GBPUSD,M5: 1.2541
0	23:25:10.572	test GBPUSD,M5: 1.2541
0	23:25:12.068	test GBPUSD,M5: 1.2541
0	23:25:20.072	test GBPUSD,M5: 1.2541
0	23:25:20.936	test GBPUSD,M5: 1.2541
0	23:25:21.621	test GBPUSD,M5: 1.2541
0	23:25:22.256	test GBPUSD,M5: 1.2541
0	23:25:22.475	test GBPUSD,M5: 1.2541
0	23:25:24.366	test GBPUSD,M5: 1.2541
0	23:25:29.317	test GBPUSD,M5: 1.2541
0	23:25:35.332	test GBPUSD,M5: 1.2541
0	23:25:35.399	test GBPUSD,M5: 1.254
0	23:25:37.414	test GBPUSD,M5: 1.2541
0	23:25:40.137	test GBPUSD,M5: 1.2541
0	23:25:40.287	test GBPUSD,M5: 1.2541
0	23:25:40.631	test GBPUSD,M5: 1.2541
0	23:25:41.667	test GBPUSD,M5: 1.2541
0	23:25:43.620	test GBPUSD,M5: 1.2541
0	23:25:45.242	test GBPUSD,M5: 1.2541
0	23:25:46.315	test GBPUSD,M5: 1.2541
0	23:25:48.126	test GBPUSD,M5: 1.2541
0	23:25:49.026	test GBPUSD,M5: 1.2541
0	23:25:49.942	test GBPUSD,M5: 1.2541
0	23:25:54.847	test GBPUSD,M5: 1.2541
0	23:25:57.167	test GBPUSD,M5: 1.2541
0	23:25:57.332	test GBPUSD,M5: 1.254
0	23:25:57.783	test GBPUSD,M5: 1.2541
0	23:25:57.848	test GBPUSD,M5: 1.2541
0	23:25:58.179	test GBPUSD,M5: 1.2541
0	23:26:00.367	test GBPUSD,M5: 1.254
0	23:26:00.974	test GBPUSD,M5: 1.254
0	23:26:01.010	test GBPUSD,M5: 1.254
0	23:26:03.319	test GBPUSD,M5: 1.254
0	23:26:03.345	test GBPUSD,M5: 1.254
0	23:26:03.589	test GBPUSD,M5: 1.254
0	23:26:03.723	test GBPUSD,M5: 1.254
0	23:26:04.214	test GBPUSD,M5: uninit reason 2
0	23:26:04.217	Expert test GBPUSD,M5: removed
0	23:26:04.226	Expert test GBPUSD,M5: loaded successfully
0	23:26:04.240	test GBPUSD,M5: Alert: Starting test strategy
0	23:26:04.240	test GBPUSD,M5: initialized
0	23:26:06.005	test GBPUSD,M5: 1.25405
0	23:26:06.115	test GBPUSD,M5: 1.25407
0	23:26:06.235	test GBPUSD,M5: 1.25406
0	23:26:06.350	test GBPUSD,M5: 1.25406
0	23:26:06.740	test GBPUSD,M5: 1.25406
0	23:26:07.614	test GBPUSD,M5: 1.25406
0	23:26:20.113	test GBPUSD,M5: 1.25405
0	23:26:20.292	test GBPUSD,M5: 1.25405
0	23:26:25.205	test GBPUSD,M5: 1.25405
0	23:26:26.212	test GBPUSD,M5: 1.25400
0	23:26:29.242	test GBPUSD,M5: 1.25402
0	23:26:29.313	test GBPUSD,M5: 1.25402
0	23:26:29.722	test GBPUSD,M5: 1.25404
0	23:26:29.977	test GBPUSD,M5: 1.25404
0	23:26:30.218	test GBPUSD,M5: 1.25403
0	23:26:31.139	test GBPUSD,M5: 1.25403
0	23:26:31.192	test GBPUSD,M5: 1.25402
0	23:26:31.411	test GBPUSD,M5: 1.25404
0	23:26:31.667	test GBPUSD,M5: 1.25404
0	23:26:32.847	test GBPUSD,M5: 1.25404
0	23:26:34.198	test GBPUSD,M5: 1.25405
0	23:26:34.301	test GBPUSD,M5: 1.25405
0	23:26:35.855	test GBPUSD,M5: 1.25405
0	23:26:35.906	test GBPUSD,M5: 1.25403
0	23:26:36.186	test GBPUSD,M5: 1.25404
0	23:26:41.475	test GBPUSD,M5: 1.25403
0	23:26:42.615	test GBPUSD,M5: 1.25403
0	23:26:43.546	test GBPUSD,M5: 1.25403
0	23:26:43.623	test GBPUSD,M5: 1.25405
0	23:26:45.276	test GBPUSD,M5: 1.25406
0	23:26:46.428	test GBPUSD,M5: 1.25408
0	23:26:46.733	test GBPUSD,M5: 1.25407
0	23:26:46.766	test GBPUSD,M5: 1.25407
0	23:26:46.883	test GBPUSD,M5: 1.25409
0	23:26:47.849	test GBPUSD,M5: 1.25407
0	23:26:50.351	test GBPUSD,M5: 1.25406
0	23:26:50.548	test GBPUSD,M5: 1.25407
0	23:26:51.418	test GBPUSD,M5: 1.25406
0	23:26:54.986	test GBPUSD,M5: 1.25408
0	23:26:57.077	test GBPUSD,M5: 1.25407
0	23:26:59.687	test GBPUSD,M5: 1.25405
0	23:26:59.763	test GBPUSD,M5: 1.25405
0	23:26:59.930	test GBPUSD,M5: 1.25404
0	23:27:00.211	test GBPUSD,M5: 1.25407
0	23:27:03.295	test GBPUSD,M5: 1.25410
0	23:27:03.671	test GBPUSD,M5: 1.25410
0	23:27:03.959	test GBPUSD,M5: 1.25411
0	23:27:04.092	test GBPUSD,M5: 1.25410
0	23:27:04.241	test GBPUSD,M5: 1.25409
0	23:27:04.440	test GBPUSD,M5: 1.25410
0	23:27:06.321	test GBPUSD,M5: 1.25411
0	23:27:06.605	test GBPUSD,M5: 1.25410
0	23:27:06.836	test GBPUSD,M5: 1.25410
0	23:27:08.082	test GBPUSD,M5: 1.25409
0	23:27:08.448	test GBPUSD,M5: 1.25410
0	23:27:08.585	test GBPUSD,M5: 1.25409
0	23:27:08.878	test GBPUSD,M5: 1.25414
0	23:27:09.076	test GBPUSD,M5: 1.25414
0	23:27:10.430	test GBPUSD,M5: 1.25415
0	23:27:10.694	test GBPUSD,M5: 1.25415
0	23:27:10.862	test GBPUSD,M5: 1.25414
0	23:27:14.518	test GBPUSD,M5: 1.25413
0	23:27:19.382	test GBPUSD,M5: 1.25415
0	23:27:20.324	test GBPUSD,M5: 1.25416
0	23:27:20.488	test GBPUSD,M5: 1.25415
0	23:27:20.712	test GBPUSD,M5: 1.25415
0	23:27:21.046	test GBPUSD,M5: 1.25419
0	23:27:22.476	test GBPUSD,M5: 1.25420
0	23:27:22.961	test GBPUSD,M5: 1.25421
0	23:27:23.650	test GBPUSD,M5: 1.25412
0	23:27:23.739	test GBPUSD,M5: 1.25414
0	23:27:23.972	test GBPUSD,M5: 1.25413
0	23:27:24.458	test GBPUSD,M5: 1.25411
0	23:27:24.723	test GBPUSD,M5: 1.25409
0	23:27:24.840	test GBPUSD,M5: 1.25411
0	23:27:26.222	test GBPUSD,M5: 1.25410
0	23:27:26.676	test GBPUSD,M5: 1.25407
0	23:27:27.054	test GBPUSD,M5: 1.25407
0	23:27:29.093	test GBPUSD,M5: 1.25404
0	23:27:29.249	test GBPUSD,M5: 1.25403
0	23:27:29.351	test GBPUSD,M5: 1.25402
0	23:27:29.467	test GBPUSD,M5: 1.25404
0	23:27:30.566	test GBPUSD,M5: 1.25402
0	23:27:31.711	test GBPUSD,M5: 1.25401
0	23:27:31.996	test GBPUSD,M5: 1.25399
0	23:27:32.691	test GBPUSD,M5: 1.25396
0	23:27:33.222	test GBPUSD,M5: 1.25396
0	23:27:33.360	test GBPUSD,M5: 1.25398
0	23:27:34.822	test GBPUSD,M5: 1.25396
0	23:27:34.908	test GBPUSD,M5: 1.25390
0	23:27:35.630	test GBPUSD,M5: 1.25391
0	23:27:39.383	test GBPUSD,M5: 1.25390
0	23:27:40.241	test GBPUSD,M5: 1.25391
0	23:27:40.781	test GBPUSD,M5: 1.25389
0	23:27:40.916	test GBPUSD,M5: 1.25391
0	23:27:41.168	test GBPUSD,M5: 1.25393
0	23:27:41.463	test GBPUSD,M5: 1.25391
0	23:27:41.630	test GBPUSD,M5: 1.25392
0	23:27:43.127	test GBPUSD,M5: 1.25390
0	23:27:43.212	test GBPUSD,M5: 1.25390
0	23:27:43.445	test GBPUSD,M5: 1.25390
0	23:27:44.986	test GBPUSD,M5: 1.25388
0	23:27:45.100	test GBPUSD,M5: 1.25388
0	23:27:45.225	test GBPUSD,M5: 1.25389
0	23:27:47.063	test GBPUSD,M5: 1.25389
0	23:27:47.218	test GBPUSD,M5: 1.25389
0	23:27:47.395	test GBPUSD,M5: 1.25387
0	23:27:47.514	test GBPUSD,M5: 1.25388
0	23:27:48.533	test GBPUSD,M5: 1.25387
0	23:27:48.619	test GBPUSD,M5: 1.25388
0	23:27:49.667	test GBPUSD,M5: 1.25388
0	23:27:49.900	test GBPUSD,M5: 1.25390
0	23:27:50.135	test GBPUSD,M5: 1.25391
0	23:27:51.048	test GBPUSD,M5: 1.25390
0	23:27:51.162	test GBPUSD,M5: 1.25391
0	23:27:51.349	test GBPUSD,M5: 1.25392
0	23:27:51.799	test GBPUSD,M5: 1.25389
0	23:27:52.911	test GBPUSD,M5: 1.25388
0	23:27:53.069	test GBPUSD,M5: 1.25386
0	23:27:59.650	test GBPUSD,M5: 1.25390
0	23:27:59.748	test GBPUSD,M5: 1.25390
0	23:27:59.981	test GBPUSD,M5: 1.25388
0	23:27:59.999	test GBPUSD,M5: 1.25386
0	23:28:00.129	test GBPUSD,M5: 1.25388
0	23:28:00.998	test GBPUSD,M5: 1.25391
0	23:28:01.150	test GBPUSD,M5: 1.25394
0	23:28:01.303	test GBPUSD,M5: 1.25394
0	23:28:01.414	test GBPUSD,M5: 1.25392
0	23:28:01.665	test GBPUSD,M5: 1.25390
0	23:28:01.935	test GBPUSD,M5: 1.25391
0	23:28:03.675	test GBPUSD,M5: 1.25391
0	23:28:05.654	test GBPUSD,M5: 1.25392
0	23:28:05.873	test GBPUSD,M5: 1.25394
0	23:28:06.875	test GBPUSD,M5: 1.25393
0	23:28:08.569	test GBPUSD,M5: 1.25392
0	23:28:09.967	test GBPUSD,M5: 1.25389
0	23:28:11.043	test GBPUSD,M5: 1.25389
0	23:28:11.216	test GBPUSD,M5: 1.25386
0	23:28:13.628	test GBPUSD,M5: 1.25385
0	23:28:14.229	test GBPUSD,M5: 1.25386
0	23:28:15.589	test GBPUSD,M5: 1.25388
0	23:28:15.777	test GBPUSD,M5: 1.25391
0	23:28:15.868	test GBPUSD,M5: 1.25390
0	23:28:16.686	test GBPUSD,M5: 1.25391
0	23:28:17.093	test GBPUSD,M5: 1.25392
0	23:28:17.122	test GBPUSD,M5: 1.25390
0	23:28:18.994	test GBPUSD,M5: 1.25393
0	23:28:19.486	test GBPUSD,M5: 1.25395
0	23:28:19.992	test GBPUSD,M5: 1.25392
0	23:28:20.058	test GBPUSD,M5: 1.25390
0	23:28:20.102	test GBPUSD,M5: 1.25391
0	23:28:21.302	test GBPUSD,M5: 1.25391
0	23:28:21.948	test GBPUSD,M5: 1.25391
0	23:28:22.149	test GBPUSD,M5: 1.25390
0	23:28:22.608	test GBPUSD,M5: 1.25391
0	23:28:23.462	test GBPUSD,M5: 1.25394
0	23:28:23.594	test GBPUSD,M5: 1.25396
0	23:28:23.862	test GBPUSD,M5: 1.25394
0	23:28:24.052	test GBPUSD,M5: 1.25396
0	23:28:24.198	test GBPUSD,M5: 1.25395
0	23:28:24.775	test GBPUSD,M5: 1.25395
0	23:28:24.859	test GBPUSD,M5: 1.25396
0	23:28:26.221	test GBPUSD,M5: 1.25395
0	23:28:26.526	test GBPUSD,M5: 1.25401
0	23:28:26.541	test GBPUSD,M5: 1.25401
0	23:28:26.673	test GBPUSD,M5: 1.25400
0	23:28:33.013	test GBPUSD,M5: 1.25402
0	23:28:33.163	test GBPUSD,M5: 1.25400
0	23:28:33.180	test GBPUSD,M5: 1.25402
0	23:28:33.779	test GBPUSD,M5: 1.25400
0	23:28:33.973	test GBPUSD,M5: 1.25401
0	23:28:36.920	test GBPUSD,M5: 1.25400
0	23:28:37.440	test GBPUSD,M5: 1.25402
0	23:28:42.836	test GBPUSD,M5: 1.25401
0	23:28:43.821	test GBPUSD,M5: 1.25400
0	23:28:43.947	test GBPUSD,M5: 1.25403
0	23:28:44.103	test GBPUSD,M5: 1.25404
0	23:28:44.355	test GBPUSD,M5: 1.25402
0	23:28:45.954	test GBPUSD,M5: 1.25403
0	23:28:47.989	test GBPUSD,M5: 1.25404
0	23:28:48.675	test GBPUSD,M5: 1.25404
0	23:28:48.806	test GBPUSD,M5: 1.25406
0	23:28:48.922	test GBPUSD,M5: 1.25403
0	23:28:51.603	test GBPUSD,M5: 1.25405
0	23:28:51.634	test GBPUSD,M5: 1.25406
0	23:28:53.794	test GBPUSD,M5: 1.25404
0	23:28:57.358	test GBPUSD,M5: uninit reason 2
0	23:28:57.360	Expert test GBPUSD,M5: removed
0	23:28:57.367	Expert test GBPUSD,M5: loaded successfully
0	23:28:57.379	test GBPUSD,M5: Alert: Starting test strategy
0	23:28:57.379	test GBPUSD,M5: initialized
0	23:35:34.471	test GBPUSD,M5: uninit reason 2
0	23:35:34.473	Expert test GBPUSD,M5: removed
0	23:35:34.482	Expert test GBPUSD,M5: loaded successfully
0	23:35:34.496	test GBPUSD,M5: Alert: Starting test strategy
0	23:35:34.496	test GBPUSD,M5: initialized
0	23:38:01.872	test GBPUSD,M5: uninit reason 2
0	23:38:01.875	Expert test GBPUSD,M5: removed
0	23:38:01.888	Expert test GBPUSD,M5: loaded successfully
0	23:38:01.909	test GBPUSD,M5: Alert: Starting test strategy
0	23:38:01.909	test GBPUSD,M5: initialized
0	23:38:02.032	Expert test EURUSD,H1: loaded successfully
0	23:38:04.055	test EURUSD,H1 inputs: bandStdEntry=2; bandStdProfitExit=1; bandStdLossExit=6; bbPeriod=50; 
0	23:38:04.067	test EURUSD,H1: Alert: Starting test strategy
0	23:38:04.067	test EURUSD,H1: initialized
0	23:38:09.801	test EURUSD,H1: uninit reason 3
0	23:38:11.410	test EURUSD,M5: Alert: Starting test strategy
0	23:38:11.410	test EURUSD,M5: initialized
0	23:38:24.307	test EURUSD,M5: uninit reason 7
0	23:38:24.354	Expert test EURUSD,M5: removed
0	23:39:33.332	test GBPUSD,M5: uninit reason 2
0	23:39:33.334	Expert test GBPUSD,M5: removed
0	23:39:33.341	Expert test GBPUSD,M5: loaded successfully
0	23:39:33.354	test GBPUSD,M5: Alert: Starting test strategy
0	23:39:33.354	test GBPUSD,M5: initialized
0	23:39:41.501	test GBPUSD,M5: uninit reason 3
0	23:39:42.320	test GBPUSD,M1: Alert: Starting test strategy
0	23:39:42.320	test GBPUSD,M1: initialized
0	23:40:48.197	test GBPUSD,M1: uninit reason 2
0	23:40:48.200	Expert test GBPUSD,M1: removed
0	23:40:48.212	Expert test GBPUSD,M1: loaded successfully
0	23:40:48.225	test GBPUSD,M1: Alert: Starting test strategy
0	23:40:48.225	test GBPUSD,M1: initialized
0	23:41:15.208	test GBPUSD,M1: uninit reason 2
0	23:41:15.210	Expert test GBPUSD,M1: removed
0	23:41:15.222	Expert test GBPUSD,M1: loaded successfully
0	23:41:15.236	test GBPUSD,M1: Alert: Starting test strategy
0	23:41:15.236	test GBPUSD,M1: initialized
0	23:47:24.109	test GBPUSD,M1: uninit reason 2
0	23:47:24.110	Expert test GBPUSD,M1: removed
0	23:47:24.120	Expert test GBPUSD,M1: loaded successfully
0	23:47:24.132	test GBPUSD,M1: Alert: Starting test strategy
0	23:47:24.132	test GBPUSD,M1: initialized
0	23:53:45.634	test GBPUSD,M1: uninit reason 2
0	23:53:45.636	Expert test GBPUSD,M1: removed
0	23:53:45.650	Expert test GBPUSD,M1: loaded successfully
0	23:53:45.655	test GBPUSD,M1: Alert: Starting test strategy
0	23:53:45.655	test GBPUSD,M1: initialized
