0	08:46:55.272	Compiling 'shared'
0	08:46:55.272	Compiling 'EA_CrossOver'
0	08:46:57.882	Custom indicator Trademyner\EMA_Cross_Over EURAUD,M15: loaded successfully
0	08:46:57.894	Custom indicator Trademyner\CPRLevels EURAUD,M15: loaded successfully
0	08:46:57.915	EMA_Cross_Over EURAUD,M15: initialized
0	08:46:57.929	CPRLevels EURAUD,M15: initialized
0	08:47:10.857	EMA_Cross_Over EURAUD,M15: uninit reason 3
0	08:47:10.857	CPRLevels EURAUD,M15: uninit reason 3
0	08:47:10.861	EMA_Cross_Over EURCAD,M15: initialized
0	08:47:10.861	CPRLevels EURCAD,M15: initialized
0	08:48:00.126	EMA_Cross_Over EURCAD,M15: uninit reason 3
0	08:48:00.126	CPRLevels EURCAD,M15: uninit reason 3
0	08:48:00.128	EMA_Cross_Over CHFJPY,M15: initialized
0	08:48:00.128	CPRLevels CHFJPY,M15: initialized
0	08:48:13.247	EMA_Cross_Over CHFJPY,M15: uninit reason 3
0	08:48:13.247	CPRLevels CHFJPY,M15: uninit reason 3
0	08:48:13.247	EMA_Cross_Over CHFJPY,H1: initialized
0	08:48:13.247	CPRLevels CHFJPY,H1: initialized
0	08:49:57.466	EMA_Cross_Over CHFJPY,H1: uninit reason 3
0	08:49:57.466	CPRLevels CHFJPY,H1: uninit reason 3
0	08:49:57.466	EMA_Cross_Over CHFJPY,M30: initialized
0	08:49:57.466	CPRLevels CHFJPY,M30: initialized
0	08:51:05.668	EMA_Cross_Over CHFJPY,M30: uninit reason 3
0	08:51:05.668	CPRLevels CHFJPY,M30: uninit reason 3
0	08:51:05.668	EMA_Cross_Over CHFJPY,H1: initialized
0	08:51:05.668	CPRLevels CHFJPY,H1: initialized
0	08:52:08.298	EMA_Cross_Over CHFJPY,H1: uninit reason 3
0	08:52:08.298	CPRLevels CHFJPY,H1: uninit reason 3
0	08:52:08.298	EMA_Cross_Over CHFJPY,M15: initialized
0	08:52:08.298	CPRLevels CHFJPY,M15: initialized
0	08:52:46.146	EMA_Cross_Over CHFJPY,M15: uninit reason 3
0	08:52:46.146	CPRLevels CHFJPY,M15: uninit reason 3
0	08:52:46.146	EMA_Cross_Over CHFJPY,M5: initialized
0	08:52:46.146	CPRLevels CHFJPY,M5: initialized
0	08:54:48.293	EMA_Cross_Over CHFJPY,M5: uninit reason 3
0	08:54:48.293	CPRLevels CHFJPY,M5: uninit reason 3
0	08:54:48.294	EMA_Cross_Over CHFJPY,M15: initialized
0	08:54:48.294	CPRLevels CHFJPY,M15: initialized
0	08:55:37.407	EMA_Cross_Over CHFJPY,M15: uninit reason 3
0	08:55:37.407	CPRLevels CHFJPY,M15: uninit reason 3
0	08:55:37.407	EMA_Cross_Over CHFJPY,H1: initialized
0	08:55:37.407	CPRLevels CHFJPY,H1: initialized
0	08:58:12.645	EMA_Cross_Over CHFJPY,H1: uninit reason 3
0	08:58:12.645	CPRLevels CHFJPY,H1: uninit reason 3
0	08:58:12.645	EMA_Cross_Over CHFJPY,M5: initialized
0	08:58:12.645	CPRLevels CHFJPY,M5: initialized
0	09:10:50.656	EMA_Cross_Over CHFJPY,M5: uninit reason 3
0	09:10:50.656	CPRLevels CHFJPY,M5: uninit reason 3
0	09:10:50.656	EMA_Cross_Over CHFJPY,H1: initialized
0	09:10:50.656	CPRLevels CHFJPY,H1: initialized
0	09:11:16.891	EMA_Cross_Over CHFJPY,H1: uninit reason 3
0	09:11:16.891	CPRLevels CHFJPY,H1: uninit reason 3
0	09:11:16.891	EMA_Cross_Over CHFJPY,M1: initialized
0	09:11:16.891	CPRLevels CHFJPY,M1: initialized
0	09:12:37.677	EMA_Cross_Over CHFJPY,M1: uninit reason 3
0	09:12:37.677	CPRLevels CHFJPY,M1: uninit reason 3
0	09:12:37.677	EMA_Cross_Over CHFJPY,M30: initialized
0	09:12:37.677	CPRLevels CHFJPY,M30: initialized
0	09:12:48.162	EMA_Cross_Over CHFJPY,M30: uninit reason 3
0	09:12:48.162	CPRLevels CHFJPY,M30: uninit reason 3
0	09:12:48.162	EMA_Cross_Over CHFJPY,H1: initialized
0	09:12:48.162	CPRLevels CHFJPY,H1: initialized
0	10:40:37.592	EMA_Cross_Over CHFJPY,H1: uninit reason 3
0	10:40:37.592	CPRLevels CHFJPY,H1: uninit reason 3
0	10:40:37.593	EMA_Cross_Over CHFJPY,M5: initialized
0	10:40:37.593	CPRLevels CHFJPY,M5: initialized
0	10:40:50.320	EMA_Cross_Over CHFJPY,M5: uninit reason 3
0	10:40:50.320	CPRLevels CHFJPY,M5: uninit reason 3
0	10:40:50.320	EMA_Cross_Over CHFJPY,H1: initialized
0	10:40:50.321	CPRLevels CHFJPY,H1: initialized
0	10:42:34.449	EMA_Cross_Over CHFJPY,H1: uninit reason 3
0	10:42:34.449	CPRLevels CHFJPY,H1: uninit reason 3
0	10:42:34.450	EMA_Cross_Over CHFJPY,M1: initialized
0	10:42:34.450	CPRLevels CHFJPY,M1: initialized
0	11:28:42.812	EMA_Cross_Over CHFJPY,M1: uninit reason 3
0	11:28:42.812	CPRLevels CHFJPY,M1: uninit reason 3
0	11:28:42.824	EMA_Cross_Over EURUSD,M1: initialized
0	11:28:42.824	CPRLevels EURUSD,M1: initialized
0	11:28:49.558	EMA_Cross_Over EURUSD,M1: uninit reason 3
0	11:28:49.558	CPRLevels EURUSD,M1: uninit reason 3
0	11:28:49.566	EMA_Cross_Over EURUSD,H1: initialized
0	11:28:49.566	CPRLevels EURUSD,H1: initialized
0	11:28:57.994	EMA_Cross_Over EURUSD,H1: uninit reason 3
0	11:28:57.994	CPRLevels EURUSD,H1: uninit reason 3
0	11:28:58.006	EMA_Cross_Over EURUSD,M30: initialized
0	11:28:58.006	CPRLevels EURUSD,M30: initialized
0	11:29:09.268	EMA_Cross_Over EURUSD,M30: uninit reason 3
0	11:29:09.268	CPRLevels EURUSD,M30: uninit reason 3
0	11:29:09.286	EMA_Cross_Over EURUSD,M15: initialized
0	11:29:09.286	CPRLevels EURUSD,M15: initialized
0	11:29:28.525	EMA_Cross_Over EURUSD,M15: uninit reason 3
0	11:29:28.525	CPRLevels EURUSD,M15: uninit reason 3
0	11:29:28.541	EMA_Cross_Over USDJPY,M15: initialized
0	11:29:28.541	CPRLevels USDJPY,M15: initialized
0	11:29:41.572	EMA_Cross_Over USDJPY,M15: uninit reason 3
0	11:29:41.572	CPRLevels USDJPY,M15: uninit reason 3
0	11:29:41.586	EMA_Cross_Over USDJPY,H1: initialized
0	11:29:41.587	CPRLevels USDJPY,H1: initialized
0	11:29:46.308	EMA_Cross_Over USDJPY,H1: uninit reason 3
0	11:29:46.308	CPRLevels USDJPY,H1: uninit reason 3
0	11:29:46.308	EMA_Cross_Over USDJPY,M15: initialized
0	11:29:46.308	CPRLevels USDJPY,M15: initialized
0	11:29:52.739	EMA_Cross_Over USDJPY,M15: uninit reason 7
0	11:29:52.739	CPRLevels USDJPY,M15: uninit reason 7
0	11:29:52.741	Custom indicator EMA_Cross_Over USDJPY,M15: removed
0	11:29:52.743	Custom indicator CPRLevels USDJPY,M15: removed
0	11:29:57.501	Custom indicator Trademyner\EMA_Cross_Over USDJPY,M15: loaded successfully
0	11:29:57.512	Custom indicator Trademyner\CPRLevels USDJPY,M15: loaded successfully
0	11:29:57.526	EMA_Cross_Over USDJPY,M15: initialized
0	11:29:57.539	CPRLevels USDJPY,M15: initialized
0	11:30:06.147	EMA_Cross_Over USDJPY,M15: uninit reason 3
0	11:30:06.147	CPRLevels USDJPY,M15: uninit reason 3
0	11:30:06.163	EMA_Cross_Over USDJPY,M5: initialized
0	11:30:06.164	CPRLevels USDJPY,M5: initialized
0	11:30:20.045	EMA_Cross_Over USDJPY,M5: uninit reason 3
0	11:30:20.045	CPRLevels USDJPY,M5: uninit reason 3
0	11:30:20.046	EMA_Cross_Over USDJPY,M15: initialized
0	11:30:20.046	CPRLevels USDJPY,M15: initialized
0	11:30:49.555	EMA_Cross_Over USDJPY,M15: uninit reason 3
0	11:30:49.555	CPRLevels USDJPY,M15: uninit reason 3
0	11:30:49.555	EMA_Cross_Over USDJPY,M5: initialized
0	11:30:49.556	CPRLevels USDJPY,M5: initialized
0	11:39:05.992	EMA_Cross_Over USDJPY,M5: uninit reason 3
0	11:39:05.992	CPRLevels USDJPY,M5: uninit reason 3
0	11:39:05.993	EMA_Cross_Over USDJPY,M15: initialized
0	11:39:05.994	CPRLevels USDJPY,M15: initialized
0	11:39:24.828	EMA_Cross_Over USDJPY,M15: uninit reason 3
0	11:39:24.828	CPRLevels USDJPY,M15: uninit reason 3
0	11:39:24.840	EMA_Cross_Over USDJPY,M30: initialized
0	11:39:24.840	CPRLevels USDJPY,M30: initialized
0	11:39:41.513	EMA_Cross_Over USDJPY,M30: uninit reason 3
0	11:39:41.513	CPRLevels USDJPY,M30: uninit reason 3
0	11:39:41.514	EMA_Cross_Over USDJPY,M15: initialized
0	11:39:41.514	CPRLevels USDJPY,M15: initialized
0	11:39:46.684	EMA_Cross_Over USDJPY,M15: uninit reason 3
0	11:39:46.684	CPRLevels USDJPY,M15: uninit reason 3
0	11:39:46.685	EMA_Cross_Over USDJPY,M5: initialized
0	11:39:46.685	CPRLevels USDJPY,M5: initialized
0	11:40:13.743	EMA_Cross_Over USDJPY,M5: uninit reason 3
0	11:40:13.743	CPRLevels USDJPY,M5: uninit reason 3
0	11:40:13.744	EMA_Cross_Over USDJPY,H1: initialized
0	11:40:13.744	CPRLevels USDJPY,H1: initialized
0	11:40:22.172	EMA_Cross_Over USDJPY,H1: uninit reason 3
0	11:40:22.172	CPRLevels USDJPY,H1: uninit reason 3
0	11:40:22.172	EMA_Cross_Over USDJPY,M5: initialized
0	11:40:22.173	CPRLevels USDJPY,M5: initialized
0	11:43:07.522	EMA_Cross_Over USDJPY,M5: uninit reason 3
0	11:43:07.522	CPRLevels USDJPY,M5: uninit reason 3
0	11:43:07.537	EMA_Cross_Over USDJPY,M1: initialized
0	11:43:07.537	CPRLevels USDJPY,M1: initialized
0	11:48:23.275	EMA_Cross_Over USDJPY,M1: uninit reason 3
0	11:48:23.275	CPRLevels USDJPY,M1: uninit reason 3
0	11:48:23.275	EMA_Cross_Over USDJPY,M15: initialized
0	11:48:23.275	CPRLevels USDJPY,M15: initialized
0	11:48:25.384	EMA_Cross_Over USDJPY,M15: uninit reason 3
0	11:48:25.384	CPRLevels USDJPY,M15: uninit reason 3
0	11:48:25.384	EMA_Cross_Over USDJPY,M5: initialized
0	11:48:25.384	CPRLevels USDJPY,M5: initialized
0	12:12:43.149	EMA_Cross_Over USDJPY,M5: uninit reason 3
0	12:12:43.150	CPRLevels USDJPY,M5: uninit reason 3
0	12:12:43.159	EMA_Cross_Over GBPCHF,M5: initialized
0	12:12:43.159	CPRLevels GBPCHF,M5: initialized
0	12:12:55.323	EMA_Cross_Over GBPCHF,M5: uninit reason 3
0	12:12:55.323	CPRLevels GBPCHF,M5: uninit reason 3
0	12:12:55.336	EMA_Cross_Over GBPCHF,M15: initialized
0	12:12:55.336	CPRLevels GBPCHF,M15: initialized
0	12:13:02.502	EMA_Cross_Over GBPCHF,M15: uninit reason 3
0	12:13:02.502	CPRLevels GBPCHF,M15: uninit reason 3
0	12:13:02.518	EMA_Cross_Over GBPCHF,M30: initialized
0	12:13:02.519	CPRLevels GBPCHF,M30: initialized
0	12:13:35.170	EMA_Cross_Over GBPCHF,M30: uninit reason 3
0	12:13:35.170	CPRLevels GBPCHF,M30: uninit reason 3
0	12:13:35.185	EMA_Cross_Over GBPCHF,H1: initialized
0	12:13:35.185	CPRLevels GBPCHF,H1: initialized
0	12:14:15.258	EMA_Cross_Over GBPCHF,H1: uninit reason 3
0	12:14:15.259	CPRLevels GBPCHF,H1: uninit reason 3
0	12:14:15.260	EMA_Cross_Over GBPCHF,M5: initialized
0	12:14:15.260	CPRLevels GBPCHF,M5: initialized
0	12:14:23.640	EMA_Cross_Over GBPCHF,M5: uninit reason 3
0	12:14:23.640	CPRLevels GBPCHF,M5: uninit reason 3
0	12:14:23.641	EMA_Cross_Over GBPCHF,M30: initialized
0	12:14:23.641	CPRLevels GBPCHF,M30: initialized
0	12:14:27.194	EMA_Cross_Over GBPCHF,M30: uninit reason 3
0	12:14:27.194	CPRLevels GBPCHF,M30: uninit reason 3
0	12:14:27.194	EMA_Cross_Over GBPCHF,H1: initialized
0	12:14:27.195	CPRLevels GBPCHF,H1: initialized
0	12:22:24.806	EMA_Cross_Over GBPCHF,H1: uninit reason 3
0	12:22:24.806	CPRLevels GBPCHF,H1: uninit reason 3
0	12:22:24.806	EMA_Cross_Over GBPCHF,M5: initialized
0	12:22:24.807	CPRLevels GBPCHF,M5: initialized
0	12:46:43.712	EMA_Cross_Over GBPCHF,M5: uninit reason 3
0	12:46:43.712	CPRLevels GBPCHF,M5: uninit reason 3
0	12:46:43.712	EMA_Cross_Over GBPCHF,H1: initialized
0	12:46:43.713	CPRLevels GBPCHF,H1: initialized
0	12:46:53.017	EMA_Cross_Over GBPCHF,H1: uninit reason 3
0	12:46:53.017	CPRLevels GBPCHF,H1: uninit reason 3
0	12:46:53.030	EMA_Cross_Over GBPCHF,M1: initialized
0	12:46:53.030	CPRLevels GBPCHF,M1: initialized
0	12:47:09.120	EMA_Cross_Over GBPCHF,M1: uninit reason 3
0	12:47:09.120	CPRLevels GBPCHF,M1: uninit reason 3
0	12:47:09.120	EMA_Cross_Over GBPCHF,M5: initialized
0	12:47:09.121	CPRLevels GBPCHF,M5: initialized
0	12:57:55.110	EMA_Cross_Over GBPCHF,M5: uninit reason 3
0	12:57:55.110	CPRLevels GBPCHF,M5: uninit reason 3
0	12:57:55.110	EMA_Cross_Over GBPCHF,H1: initialized
0	12:57:55.110	CPRLevels GBPCHF,H1: initialized
0	12:58:08.607	EMA_Cross_Over GBPCHF,H1: uninit reason 3
0	12:58:08.607	CPRLevels GBPCHF,H1: uninit reason 3
0	12:58:08.607	EMA_Cross_Over GBPCHF,H4: initialized
0	12:58:08.607	CPRLevels GBPCHF,H4: initialized
0	12:58:25.054	EMA_Cross_Over GBPCHF,H4: uninit reason 3
0	12:58:25.054	CPRLevels GBPCHF,H4: uninit reason 3
0	12:58:25.055	EMA_Cross_Over GBPCHF,M15: initialized
0	12:58:25.055	CPRLevels GBPCHF,M15: initialized
0	12:58:29.218	EMA_Cross_Over GBPCHF,M15: uninit reason 3
0	12:58:29.218	CPRLevels GBPCHF,M15: uninit reason 3
0	12:58:29.218	EMA_Cross_Over GBPCHF,H1: initialized
0	12:58:29.219	CPRLevels GBPCHF,H1: initialized
0	13:02:02.977	EMA_Cross_Over GBPCHF,H1: uninit reason 3
0	13:02:02.978	CPRLevels GBPCHF,H1: uninit reason 3
0	13:02:02.978	EMA_Cross_Over GBPCHF,M5: initialized
0	13:02:02.978	CPRLevels GBPCHF,M5: initialized
0	13:02:32.714	EMA_Cross_Over GBPCHF,M5: uninit reason 3
0	13:02:32.714	CPRLevels GBPCHF,M5: uninit reason 3
0	13:02:32.714	EMA_Cross_Over GBPCHF,M15: initialized
0	13:02:32.714	CPRLevels GBPCHF,M15: initialized
0	13:02:36.849	EMA_Cross_Over GBPCHF,M15: uninit reason 3
0	13:02:36.849	CPRLevels GBPCHF,M15: uninit reason 3
0	13:02:36.849	EMA_Cross_Over GBPCHF,M1: initialized
0	13:02:36.849	CPRLevels GBPCHF,M1: initialized
0	13:11:30.541	EMA_Cross_Over GBPCHF,M1: uninit reason 3
0	13:11:30.541	CPRLevels GBPCHF,M1: uninit reason 3
0	13:11:30.541	EMA_Cross_Over GBPCHF,M30: initialized
0	13:11:30.541	CPRLevels GBPCHF,M30: initialized
0	13:11:34.376	EMA_Cross_Over GBPCHF,M30: uninit reason 3
0	13:11:34.376	CPRLevels GBPCHF,M30: uninit reason 3
0	13:11:34.376	EMA_Cross_Over GBPCHF,M5: initialized
0	13:11:34.376	CPRLevels GBPCHF,M5: initialized
0	13:11:38.010	EMA_Cross_Over GBPCHF,M5: uninit reason 3
0	13:11:38.010	CPRLevels GBPCHF,M5: uninit reason 3
0	13:11:38.010	EMA_Cross_Over GBPCHF,H1: initialized
0	13:11:38.010	CPRLevels GBPCHF,H1: initialized
0	13:11:43.649	EMA_Cross_Over GBPCHF,H1: uninit reason 3
0	13:11:43.649	CPRLevels GBPCHF,H1: uninit reason 3
0	13:11:43.650	EMA_Cross_Over GBPCHF,M1: initialized
0	13:11:43.650	CPRLevels GBPCHF,M1: initialized
0	13:29:43.396	EMA_Cross_Over GBPCHF,M1: uninit reason 3
0	13:29:43.397	CPRLevels GBPCHF,M1: uninit reason 3
0	13:29:43.397	EMA_Cross_Over GBPCHF,H1: initialized
0	13:29:43.397	CPRLevels GBPCHF,H1: initialized
0	13:30:00.141	EMA_Cross_Over GBPCHF,H1: uninit reason 3
0	13:30:00.141	CPRLevels GBPCHF,H1: uninit reason 3
0	13:30:00.142	EMA_Cross_Over GBPCHF,M5: initialized
0	13:30:00.142	CPRLevels GBPCHF,M5: initialized
0	13:33:20.523	EMA_Cross_Over GBPCHF,M5: uninit reason 3
0	13:33:20.523	CPRLevels GBPCHF,M5: uninit reason 3
0	13:33:20.524	EMA_Cross_Over GBPCHF,M15: initialized
0	13:33:20.524	CPRLevels GBPCHF,M15: initialized
0	13:33:26.103	EMA_Cross_Over GBPCHF,M15: uninit reason 3
0	13:33:26.103	CPRLevels GBPCHF,M15: uninit reason 3
0	13:33:26.103	EMA_Cross_Over GBPCHF,M1: initialized
0	13:33:26.103	CPRLevels GBPCHF,M1: initialized
0	13:35:07.357	EMA_Cross_Over GBPCHF,M1: uninit reason 3
0	13:35:07.357	CPRLevels GBPCHF,M1: uninit reason 3
0	13:35:07.357	EMA_Cross_Over GBPCHF,M5: initialized
0	13:35:07.357	CPRLevels GBPCHF,M5: initialized
0	13:35:14.788	EMA_Cross_Over GBPCHF,M5: uninit reason 3
0	13:35:14.788	CPRLevels GBPCHF,M5: uninit reason 3
0	13:35:14.789	EMA_Cross_Over GBPCHF,M1: initialized
0	13:35:14.789	CPRLevels GBPCHF,M1: initialized
0	13:40:03.231	EMA_Cross_Over GBPCHF,M1: uninit reason 3
0	13:40:03.231	CPRLevels GBPCHF,M1: uninit reason 3
0	13:40:03.231	EMA_Cross_Over GBPCHF,M5: initialized
0	13:40:03.231	CPRLevels GBPCHF,M5: initialized
0	13:42:36.093	EMA_Cross_Over GBPCHF,M5: uninit reason 3
0	13:42:36.093	CPRLevels GBPCHF,M5: uninit reason 3
0	13:42:36.093	EMA_Cross_Over GBPCHF,M1: initialized
0	13:42:36.094	CPRLevels GBPCHF,M1: initialized
0	13:45:06.449	EMA_Cross_Over GBPCHF,M1: uninit reason 3
0	13:45:06.449	CPRLevels GBPCHF,M1: uninit reason 3
0	13:45:06.449	EMA_Cross_Over GBPCHF,H1: initialized
0	13:45:06.450	CPRLevels GBPCHF,H1: initialized
0	13:47:00.849	EMA_Cross_Over GBPCHF,H1: uninit reason 3
0	13:47:00.849	CPRLevels GBPCHF,H1: uninit reason 3
0	13:47:00.850	EMA_Cross_Over GBPCHF,M5: initialized
0	13:47:00.850	CPRLevels GBPCHF,M5: initialized
0	13:47:50.030	EMA_Cross_Over GBPCHF,M5: uninit reason 3
0	13:47:50.030	CPRLevels GBPCHF,M5: uninit reason 3
0	13:47:50.030	EMA_Cross_Over GBPCHF,M1: initialized
0	13:47:50.030	CPRLevels GBPCHF,M1: initialized
0	13:50:20.974	EMA_Cross_Over GBPCHF,M1: uninit reason 3
0	13:50:20.974	CPRLevels GBPCHF,M1: uninit reason 3
0	13:50:20.975	EMA_Cross_Over GBPCHF,H1: initialized
0	13:50:20.975	CPRLevels GBPCHF,H1: initialized
0	13:50:29.890	EMA_Cross_Over GBPCHF,H1: uninit reason 3
0	13:50:29.891	CPRLevels GBPCHF,H1: uninit reason 3
0	13:50:29.891	EMA_Cross_Over GBPCHF,M5: initialized
0	13:50:29.891	CPRLevels GBPCHF,M5: initialized
0	13:53:10.751	EMA_Cross_Over GBPCHF,M5: uninit reason 3
0	13:53:10.752	CPRLevels GBPCHF,M5: uninit reason 3
0	13:53:10.752	EMA_Cross_Over GBPCHF,H1: initialized
0	13:53:10.752	CPRLevels GBPCHF,H1: initialized
0	13:54:13.592	EMA_Cross_Over GBPCHF,H1: uninit reason 3
0	13:54:13.592	CPRLevels GBPCHF,H1: uninit reason 3
0	13:54:13.593	EMA_Cross_Over GBPCHF,M5: initialized
0	13:54:13.593	CPRLevels GBPCHF,M5: initialized
0	13:54:24.245	EMA_Cross_Over GBPCHF,M5: uninit reason 3
0	13:54:24.245	CPRLevels GBPCHF,M5: uninit reason 3
0	13:54:24.245	EMA_Cross_Over GBPCHF,M1: initialized
0	13:54:24.245	CPRLevels GBPCHF,M1: initialized
0	13:54:36.089	EMA_Cross_Over GBPCHF,M1: uninit reason 3
0	13:54:36.089	CPRLevels GBPCHF,M1: uninit reason 3
0	13:54:36.089	EMA_Cross_Over GBPCHF,M30: initialized
0	13:54:36.090	CPRLevels GBPCHF,M30: initialized
0	13:54:36.937	EMA_Cross_Over GBPCHF,M30: uninit reason 3
0	13:54:36.937	CPRLevels GBPCHF,M30: uninit reason 3
0	13:54:36.937	EMA_Cross_Over GBPCHF,H1: initialized
0	13:54:36.937	CPRLevels GBPCHF,H1: initialized
0	13:54:38.502	EMA_Cross_Over GBPCHF,H1: uninit reason 3
0	13:54:38.502	CPRLevels GBPCHF,H1: uninit reason 3
0	13:54:38.502	EMA_Cross_Over GBPCHF,H4: initialized
0	13:54:38.503	CPRLevels GBPCHF,H4: initialized
0	13:55:07.679	EMA_Cross_Over GBPCHF,H4: uninit reason 3
0	13:55:07.679	CPRLevels GBPCHF,H4: uninit reason 3
0	13:55:07.679	EMA_Cross_Over GBPCHF,M1: initialized
0	13:55:07.679	CPRLevels GBPCHF,M1: initialized
0	13:55:32.304	EMA_Cross_Over GBPCHF,M1: uninit reason 3
0	13:55:32.304	CPRLevels GBPCHF,M1: uninit reason 3
0	13:55:32.304	EMA_Cross_Over GBPCHF,M30: initialized
0	13:55:32.305	CPRLevels GBPCHF,M30: initialized
0	13:55:47.806	EMA_Cross_Over GBPCHF,M30: uninit reason 3
0	13:55:47.806	CPRLevels GBPCHF,M30: uninit reason 3
0	13:55:47.806	EMA_Cross_Over GBPCHF,M15: initialized
0	13:55:47.807	CPRLevels GBPCHF,M15: initialized
0	13:55:53.825	EMA_Cross_Over GBPCHF,M15: uninit reason 3
0	13:55:53.825	CPRLevels GBPCHF,M15: uninit reason 3
0	13:55:53.825	EMA_Cross_Over GBPCHF,H1: initialized
0	13:55:53.825	CPRLevels GBPCHF,H1: initialized
0	13:56:57.087	EMA_Cross_Over GBPCHF,H1: uninit reason 3
0	13:56:57.087	CPRLevels GBPCHF,H1: uninit reason 3
0	13:56:57.087	EMA_Cross_Over GBPCHF,M5: initialized
0	13:56:57.087	CPRLevels GBPCHF,M5: initialized
0	14:00:48.935	EMA_Cross_Over GBPCHF,M5: uninit reason 3
0	14:00:48.935	CPRLevels GBPCHF,M5: uninit reason 3
0	14:00:48.935	EMA_Cross_Over GBPCHF,H1: initialized
0	14:00:48.935	CPRLevels GBPCHF,H1: initialized
0	14:01:01.592	EMA_Cross_Over GBPCHF,H1: uninit reason 3
0	14:01:01.592	CPRLevels GBPCHF,H1: uninit reason 3
0	14:01:01.593	EMA_Cross_Over GBPCHF,M5: initialized
0	14:01:01.593	CPRLevels GBPCHF,M5: initialized
0	14:01:15.612	EMA_Cross_Over GBPCHF,M5: uninit reason 3
0	14:01:15.612	CPRLevels GBPCHF,M5: uninit reason 3
0	14:01:15.613	EMA_Cross_Over GBPCHF,H1: initialized
0	14:01:15.613	CPRLevels GBPCHF,H1: initialized
0	14:01:33.274	EMA_Cross_Over GBPCHF,H1: uninit reason 3
0	14:01:33.274	CPRLevels GBPCHF,H1: uninit reason 3
0	14:01:33.274	EMA_Cross_Over GBPCHF,M30: initialized
0	14:01:33.274	CPRLevels GBPCHF,M30: initialized
0	14:01:34.157	EMA_Cross_Over GBPCHF,M30: uninit reason 3
0	14:01:34.157	CPRLevels GBPCHF,M30: uninit reason 3
0	14:01:34.158	EMA_Cross_Over GBPCHF,M15: initialized
0	14:01:34.158	CPRLevels GBPCHF,M15: initialized
0	14:01:43.332	EMA_Cross_Over GBPCHF,M15: uninit reason 3
0	14:01:43.332	CPRLevels GBPCHF,M15: uninit reason 3
0	14:01:43.332	EMA_Cross_Over GBPCHF,M5: initialized
0	14:01:43.332	CPRLevels GBPCHF,M5: initialized
0	14:03:05.904	EMA_Cross_Over GBPCHF,M5: uninit reason 3
0	14:03:05.905	CPRLevels GBPCHF,M5: uninit reason 3
0	14:03:05.924	EMA_Cross_Over EURUSD,M5: initialized
0	14:03:05.924	CPRLevels EURUSD,M5: initialized
0	14:03:13.752	EMA_Cross_Over EURUSD,M5: uninit reason 3
0	14:03:13.752	CPRLevels EURUSD,M5: uninit reason 3
0	14:03:13.752	EMA_Cross_Over EURUSD,H1: initialized
0	14:03:13.752	CPRLevels EURUSD,H1: initialized
0	14:03:18.055	EMA_Cross_Over EURUSD,H1: uninit reason 3
0	14:03:18.055	CPRLevels EURUSD,H1: uninit reason 3
0	14:03:18.056	EMA_Cross_Over EURUSD,M30: initialized
0	14:03:18.056	CPRLevels EURUSD,M30: initialized
0	14:03:19.609	EMA_Cross_Over EURUSD,M30: uninit reason 3
0	14:03:19.609	CPRLevels EURUSD,M30: uninit reason 3
0	14:03:19.610	EMA_Cross_Over EURUSD,M15: initialized
0	14:03:19.610	CPRLevels EURUSD,M15: initialized
0	14:03:34.029	EMA_Cross_Over EURUSD,M15: uninit reason 3
0	14:03:34.029	CPRLevels EURUSD,M15: uninit reason 3
0	14:03:34.030	EMA_Cross_Over EURUSD,M5: initialized
0	14:03:34.030	CPRLevels EURUSD,M5: initialized
0	14:05:43.958	EMA_Cross_Over EURUSD,M5: uninit reason 3
0	14:05:43.958	CPRLevels EURUSD,M5: uninit reason 3
0	14:05:43.959	EMA_Cross_Over EURUSD,M15: initialized
0	14:05:43.959	CPRLevels EURUSD,M15: initialized
0	14:05:46.285	EMA_Cross_Over EURUSD,M15: uninit reason 3
0	14:05:46.285	CPRLevels EURUSD,M15: uninit reason 3
0	14:05:46.287	EMA_Cross_Over EURUSD,M1: initialized
0	14:05:46.287	CPRLevels EURUSD,M1: initialized
0	14:05:53.611	EMA_Cross_Over EURUSD,M1: uninit reason 3
0	14:05:53.612	CPRLevels EURUSD,M1: uninit reason 3
0	14:05:53.612	EMA_Cross_Over EURUSD,M5: initialized
0	14:05:53.612	CPRLevels EURUSD,M5: initialized
0	14:06:02.731	EMA_Cross_Over EURUSD,M5: uninit reason 3
0	14:06:02.731	CPRLevels EURUSD,M5: uninit reason 3
0	14:06:02.732	EMA_Cross_Over EURUSD,M1: initialized
0	14:06:02.732	CPRLevels EURUSD,M1: initialized
0	14:06:08.133	EMA_Cross_Over EURUSD,M1: uninit reason 3
0	14:06:08.133	CPRLevels EURUSD,M1: uninit reason 3
0	14:06:08.133	EMA_Cross_Over EURUSD,M5: initialized
0	14:06:08.134	CPRLevels EURUSD,M5: initialized
0	14:06:12.413	EMA_Cross_Over EURUSD,M5: uninit reason 3
0	14:06:12.413	CPRLevels EURUSD,M5: uninit reason 3
0	14:06:12.413	EMA_Cross_Over EURUSD,M15: initialized
0	14:06:12.413	CPRLevels EURUSD,M15: initialized
0	14:06:29.440	EMA_Cross_Over EURUSD,M15: uninit reason 3
0	14:06:29.440	CPRLevels EURUSD,M15: uninit reason 3
0	14:06:29.442	EMA_Cross_Over EURUSD,M1: initialized
0	14:06:29.442	CPRLevels EURUSD,M1: initialized
0	14:06:33.483	EMA_Cross_Over EURUSD,M1: uninit reason 3
0	14:06:33.483	CPRLevels EURUSD,M1: uninit reason 3
0	14:06:33.483	EMA_Cross_Over EURUSD,M5: initialized
0	14:06:33.483	CPRLevels EURUSD,M5: initialized
0	14:06:35.376	EMA_Cross_Over EURUSD,M5: uninit reason 3
0	14:06:35.376	CPRLevels EURUSD,M5: uninit reason 3
0	14:06:35.376	EMA_Cross_Over EURUSD,M1: initialized
0	14:06:35.377	CPRLevels EURUSD,M1: initialized
0	14:08:01.175	EMA_Cross_Over EURUSD,M1: uninit reason 3
0	14:08:01.175	CPRLevels EURUSD,M1: uninit reason 3
0	14:08:01.175	EMA_Cross_Over GBPCHF,M1: initialized
0	14:08:01.175	CPRLevels GBPCHF,M1: initialized
0	14:08:07.567	EMA_Cross_Over GBPCHF,M1: uninit reason 3
0	14:08:07.567	CPRLevels GBPCHF,M1: uninit reason 3
0	14:08:07.567	EMA_Cross_Over GBPCHF,M5: initialized
0	14:08:07.567	CPRLevels GBPCHF,M5: initialized
0	14:08:14.492	EMA_Cross_Over GBPCHF,M5: uninit reason 3
0	14:08:14.492	CPRLevels GBPCHF,M5: uninit reason 3
0	14:08:14.492	EMA_Cross_Over GBPCHF,H1: initialized
0	14:08:14.492	CPRLevels GBPCHF,H1: initialized
0	14:08:23.644	EMA_Cross_Over GBPCHF,H1: uninit reason 3
0	14:08:23.644	CPRLevels GBPCHF,H1: uninit reason 3
0	14:08:23.644	EMA_Cross_Over EURUSD,H1: initialized
0	14:08:23.644	CPRLevels EURUSD,H1: initialized
0	14:08:30.758	EMA_Cross_Over EURUSD,H1: uninit reason 3
0	14:08:30.758	CPRLevels EURUSD,H1: uninit reason 3
0	14:08:30.759	EMA_Cross_Over EURUSD,M30: initialized
0	14:08:30.759	CPRLevels EURUSD,M30: initialized
0	14:08:33.197	EMA_Cross_Over EURUSD,M30: uninit reason 3
0	14:08:33.197	CPRLevels EURUSD,M30: uninit reason 3
0	14:08:33.197	EMA_Cross_Over EURUSD,M15: initialized
0	14:08:33.198	CPRLevels EURUSD,M15: initialized
0	14:08:37.077	EMA_Cross_Over EURUSD,M15: uninit reason 3
0	14:08:37.077	CPRLevels EURUSD,M15: uninit reason 3
0	14:08:37.078	EMA_Cross_Over EURUSD,M5: initialized
0	14:08:37.078	CPRLevels EURUSD,M5: initialized
0	14:10:04.611	EMA_Cross_Over EURUSD,M5: uninit reason 3
0	14:10:04.612	CPRLevels EURUSD,M5: uninit reason 3
0	14:10:04.614	EMA_Cross_Over EURUSD,M1: initialized
0	14:10:04.614	CPRLevels EURUSD,M1: initialized
0	14:10:23.647	EMA_Cross_Over EURUSD,M1: uninit reason 3
0	14:10:23.647	CPRLevels EURUSD,M1: uninit reason 3
0	14:10:23.648	EMA_Cross_Over EURUSD,M5: initialized
0	14:10:23.648	CPRLevels EURUSD,M5: initialized
0	14:10:27.003	EMA_Cross_Over EURUSD,M5: uninit reason 3
0	14:10:27.003	CPRLevels EURUSD,M5: uninit reason 3
0	14:10:27.003	EMA_Cross_Over EURUSD,M15: initialized
0	14:10:27.003	CPRLevels EURUSD,M15: initialized
0	14:10:33.764	EMA_Cross_Over EURUSD,M15: uninit reason 3
0	14:10:33.764	CPRLevels EURUSD,M15: uninit reason 3
0	14:10:33.766	EMA_Cross_Over EURUSD,M1: initialized
0	14:10:33.767	CPRLevels EURUSD,M1: initialized
0	14:11:11.510	EMA_Cross_Over EURUSD,M1: uninit reason 3
0	14:11:11.510	CPRLevels EURUSD,M1: uninit reason 3
0	14:11:11.511	EMA_Cross_Over EURUSD,M15: initialized
0	14:11:11.511	CPRLevels EURUSD,M15: initialized
0	14:11:37.137	EMA_Cross_Over EURUSD,M15: uninit reason 3
0	14:11:37.137	CPRLevels EURUSD,M15: uninit reason 3
0	14:11:37.139	EMA_Cross_Over EURUSD,M1: initialized
0	14:11:37.139	CPRLevels EURUSD,M1: initialized
0	14:17:10.011	EMA_Cross_Over EURUSD,M1: uninit reason 3
0	14:17:10.011	CPRLevels EURUSD,M1: uninit reason 3
0	14:17:10.012	EMA_Cross_Over EURUSD,M5: initialized
0	14:17:10.013	CPRLevels EURUSD,M5: initialized
0	14:17:20.298	EMA_Cross_Over EURUSD,M5: uninit reason 3
0	14:17:20.298	CPRLevels EURUSD,M5: uninit reason 3
0	14:17:20.298	EMA_Cross_Over EURUSD,H1: initialized
0	14:17:20.298	CPRLevels EURUSD,H1: initialized
0	14:17:32.381	EMA_Cross_Over EURUSD,H1: uninit reason 3
0	14:17:32.381	CPRLevels EURUSD,H1: uninit reason 3
0	14:17:32.383	EMA_Cross_Over EURUSD,M1: initialized
0	14:17:32.383	CPRLevels EURUSD,M1: initialized
0	14:17:56.558	EMA_Cross_Over EURUSD,M1: uninit reason 3
0	14:17:56.558	CPRLevels EURUSD,M1: uninit reason 3
0	14:17:56.559	EMA_Cross_Over EURUSD,H1: initialized
0	14:17:56.559	CPRLevels EURUSD,H1: initialized
0	14:18:19.694	EMA_Cross_Over EURUSD,H1: uninit reason 3
0	14:18:19.694	CPRLevels EURUSD,H1: uninit reason 3
0	14:18:19.695	EMA_Cross_Over EURUSD,M5: initialized
0	14:18:19.695	CPRLevels EURUSD,M5: initialized
0	14:21:38.258	EMA_Cross_Over EURUSD,M5: uninit reason 3
0	14:21:38.258	CPRLevels EURUSD,M5: uninit reason 3
0	14:21:38.258	EMA_Cross_Over EURUSD,M15: initialized
0	14:21:38.259	CPRLevels EURUSD,M15: initialized
0	14:21:43.946	EMA_Cross_Over EURUSD,M15: uninit reason 3
0	14:21:43.946	CPRLevels EURUSD,M15: uninit reason 3
0	14:21:43.946	EMA_Cross_Over EURUSD,M5: initialized
0	14:21:43.947	CPRLevels EURUSD,M5: initialized
0	14:25:21.197	EMA_Cross_Over EURUSD,M5: uninit reason 3
0	14:25:21.197	CPRLevels EURUSD,M5: uninit reason 3
0	14:25:21.198	EMA_Cross_Over EURUSD,M15: initialized
0	14:25:21.198	CPRLevels EURUSD,M15: initialized
0	14:25:28.651	EMA_Cross_Over EURUSD,M15: uninit reason 3
0	14:25:28.651	CPRLevels EURUSD,M15: uninit reason 3
0	14:25:28.651	EMA_Cross_Over EURUSD,M5: initialized
0	14:25:28.651	CPRLevels EURUSD,M5: initialized
0	14:52:36.607	EMA_Cross_Over EURUSD,M5: uninit reason 3
0	14:52:36.607	CPRLevels EURUSD,M5: uninit reason 3
0	14:52:36.608	EMA_Cross_Over EURUSD,M15: initialized
0	14:52:36.608	CPRLevels EURUSD,M15: initialized
0	14:52:44.951	EMA_Cross_Over EURUSD,M15: uninit reason 3
0	14:52:44.951	CPRLevels EURUSD,M15: uninit reason 3
0	14:52:44.952	EMA_Cross_Over EURUSD,M30: initialized
0	14:52:44.953	CPRLevels EURUSD,M30: initialized
0	14:52:57.741	EMA_Cross_Over EURUSD,M30: uninit reason 3
0	14:52:57.741	CPRLevels EURUSD,M30: uninit reason 3
0	14:52:57.741	EMA_Cross_Over EURUSD,M15: initialized
0	14:52:57.741	CPRLevels EURUSD,M15: initialized
0	14:53:01.455	EMA_Cross_Over EURUSD,M15: uninit reason 3
0	14:53:01.455	CPRLevels EURUSD,M15: uninit reason 3
0	14:53:01.456	EMA_Cross_Over EURUSD,M5: initialized
0	14:53:01.456	CPRLevels EURUSD,M5: initialized
0	14:53:17.263	EMA_Cross_Over EURUSD,M5: uninit reason 3
0	14:53:17.263	CPRLevels EURUSD,M5: uninit reason 3
0	14:53:17.264	EMA_Cross_Over EURUSD,M1: initialized
0	14:53:17.264	CPRLevels EURUSD,M1: initialized
0	14:54:32.095	EMA_Cross_Over EURUSD,M1: uninit reason 3
0	14:54:32.095	CPRLevels EURUSD,M1: uninit reason 3
0	14:54:32.095	EMA_Cross_Over EURUSD,Weekly: initialized
0	14:54:32.095	CPRLevels EURUSD,Weekly: initialized
0	14:54:45.284	EMA_Cross_Over EURUSD,Weekly: uninit reason 3
0	14:54:45.284	CPRLevels EURUSD,Weekly: uninit reason 3
0	14:54:45.284	EMA_Cross_Over EURUSD,Monthly: initialized
0	14:54:45.284	CPRLevels EURUSD,Monthly: initialized
0	14:54:57.865	EMA_Cross_Over EURUSD,Monthly: uninit reason 3
0	14:54:57.865	CPRLevels EURUSD,Monthly: uninit reason 3
0	14:54:57.865	EMA_Cross_Over EURUSD,Weekly: initialized
0	14:54:57.865	CPRLevels EURUSD,Weekly: initialized
0	14:54:59.394	EMA_Cross_Over EURUSD,Weekly: uninit reason 3
0	14:54:59.394	CPRLevels EURUSD,Weekly: uninit reason 3
0	14:54:59.394	EMA_Cross_Over EURUSD,Daily: initialized
0	14:54:59.394	CPRLevels EURUSD,Daily: initialized
0	14:55:04.755	EMA_Cross_Over EURUSD,Daily: uninit reason 3
0	14:55:04.755	CPRLevels EURUSD,Daily: uninit reason 3
0	14:55:04.770	EMA_Cross_Over EURUSD,H4: initialized
0	14:55:04.770	CPRLevels EURUSD,H4: initialized
0	14:55:18.266	EMA_Cross_Over EURUSD,H4: uninit reason 3
0	14:55:18.266	CPRLevels EURUSD,H4: uninit reason 3
0	14:55:18.266	EMA_Cross_Over EURUSD,H1: initialized
0	14:55:18.266	CPRLevels EURUSD,H1: initialized
0	14:55:31.982	EMA_Cross_Over EURUSD,H1: uninit reason 3
0	14:55:31.982	CPRLevels EURUSD,H1: uninit reason 3
0	14:55:31.982	EMA_Cross_Over EURUSD,M30: initialized
0	14:55:31.983	CPRLevels EURUSD,M30: initialized
0	14:56:07.000	EMA_Cross_Over EURUSD,M30: uninit reason 3
0	14:56:07.000	CPRLevels EURUSD,M30: uninit reason 3
0	14:56:07.000	EMA_Cross_Over EURUSD,H1: initialized
0	14:56:07.000	CPRLevels EURUSD,H1: initialized
0	14:56:08.703	EMA_Cross_Over EURUSD,H1: uninit reason 3
0	14:56:08.703	CPRLevels EURUSD,H1: uninit reason 3
0	14:56:08.703	EMA_Cross_Over EURUSD,M15: initialized
0	14:56:08.703	CPRLevels EURUSD,M15: initialized
0	15:49:36.915	EMA_Cross_Over EURUSD,M15: uninit reason 3
0	15:49:36.915	CPRLevels EURUSD,M15: uninit reason 3
0	15:49:36.928	EMA_Cross_Over USDCHF,M15: initialized
0	15:49:36.928	CPRLevels USDCHF,M15: initialized
0	15:50:32.752	EMA_Cross_Over USDCHF,M15: uninit reason 3
0	15:50:32.752	CPRLevels USDCHF,M15: uninit reason 3
0	15:50:32.753	EMA_Cross_Over EURCAD,M15: initialized
0	15:50:32.753	CPRLevels EURCAD,M15: initialized
0	15:50:41.437	EMA_Cross_Over EURCAD,M15: uninit reason 3
0	15:50:41.437	CPRLevels EURCAD,M15: uninit reason 3
0	15:50:41.443	EMA_Cross_Over EURCAD,H1: initialized
0	15:50:41.443	CPRLevels EURCAD,H1: initialized
0	15:50:52.037	EMA_Cross_Over EURCAD,H1: uninit reason 3
0	15:50:52.037	CPRLevels EURCAD,H1: uninit reason 3
0	15:50:52.037	EMA_Cross_Over EURCAD,M15: initialized
0	15:50:52.038	CPRLevels EURCAD,M15: initialized
0	15:51:07.722	EMA_Cross_Over EURCAD,M15: uninit reason 3
0	15:51:07.722	CPRLevels EURCAD,M15: uninit reason 3
0	15:51:07.734	EMA_Cross_Over EURCAD,M1: initialized
0	15:51:07.734	CPRLevels EURCAD,M1: initialized
0	15:52:18.805	EMA_Cross_Over EURCAD,M1: uninit reason 3
0	15:52:18.805	CPRLevels EURCAD,M1: uninit reason 3
0	15:52:18.805	EMA_Cross_Over EURCAD,M15: initialized
0	15:52:18.805	CPRLevels EURCAD,M15: initialized
0	15:52:26.959	EMA_Cross_Over EURCAD,M15: uninit reason 3
0	15:52:26.959	CPRLevels EURCAD,M15: uninit reason 3
0	15:52:26.972	EMA_Cross_Over EURCAD,M30: initialized
0	15:52:26.972	CPRLevels EURCAD,M30: initialized
0	15:52:30.147	EMA_Cross_Over EURCAD,M30: uninit reason 3
0	15:52:30.147	CPRLevels EURCAD,M30: uninit reason 3
0	15:52:30.147	EMA_Cross_Over EURCAD,H1: initialized
0	15:52:30.147	CPRLevels EURCAD,H1: initialized
0	15:52:40.362	EMA_Cross_Over EURCAD,H1: uninit reason 3
0	15:52:40.362	CPRLevels EURCAD,H1: uninit reason 3
0	15:52:40.362	EMA_Cross_Over EURCAD,H4: initialized
0	15:52:40.362	CPRLevels EURCAD,H4: initialized
0	15:53:06.849	EMA_Cross_Over EURCAD,H4: uninit reason 3
0	15:53:06.849	CPRLevels EURCAD,H4: uninit reason 3
0	15:53:06.849	EMA_Cross_Over EURCAD,M15: initialized
0	15:53:06.850	CPRLevels EURCAD,M15: initialized
0	15:53:17.124	EMA_Cross_Over EURCAD,M15: uninit reason 3
0	15:53:17.124	CPRLevels EURCAD,M15: uninit reason 3
0	15:53:17.136	EMA_Cross_Over EURCAD,M5: initialized
0	15:53:17.137	CPRLevels EURCAD,M5: initialized
0	16:01:22.128	EMA_Cross_Over EURCAD,M5: uninit reason 3
0	16:01:22.128	CPRLevels EURCAD,M5: uninit reason 3
0	16:01:22.128	EMA_Cross_Over EURCAD,M15: initialized
0	16:01:22.129	CPRLevels EURCAD,M15: initialized
0	16:01:27.556	EMA_Cross_Over EURCAD,M15: uninit reason 3
0	16:01:27.556	CPRLevels EURCAD,M15: uninit reason 3
0	16:01:27.556	EMA_Cross_Over EURCAD,M30: initialized
0	16:01:27.556	CPRLevels EURCAD,M30: initialized
0	16:01:42.187	EMA_Cross_Over EURCAD,M30: uninit reason 3
0	16:01:42.187	CPRLevels EURCAD,M30: uninit reason 3
0	16:01:42.187	EMA_Cross_Over EURCAD,M15: initialized
0	16:01:42.187	CPRLevels EURCAD,M15: initialized
0	16:01:48.594	EMA_Cross_Over EURCAD,M15: uninit reason 3
0	16:01:48.594	CPRLevels EURCAD,M15: uninit reason 3
0	16:01:48.594	EMA_Cross_Over EURCAD,M5: initialized
0	16:01:48.594	CPRLevels EURCAD,M5: initialized
0	16:01:50.377	EMA_Cross_Over EURCAD,M5: uninit reason 3
0	16:01:50.377	CPRLevels EURCAD,M5: uninit reason 3
0	16:01:50.378	EMA_Cross_Over EURCAD,M1: initialized
0	16:01:50.378	CPRLevels EURCAD,M1: initialized
0	17:12:07.668	EMA_Cross_Over EURCAD,M1: uninit reason 3
0	17:12:07.668	CPRLevels EURCAD,M1: uninit reason 3
0	17:12:07.668	EMA_Cross_Over EURCAD,M5: initialized
0	17:12:07.669	CPRLevels EURCAD,M5: initialized
0	17:12:11.148	EMA_Cross_Over EURCAD,M5: uninit reason 3
0	17:12:11.148	CPRLevels EURCAD,M5: uninit reason 3
0	17:12:11.149	EMA_Cross_Over EURCAD,M15: initialized
0	17:12:11.149	CPRLevels EURCAD,M15: initialized
0	17:12:21.180	EMA_Cross_Over EURCAD,M15: uninit reason 3
0	17:12:21.180	CPRLevels EURCAD,M15: uninit reason 3
0	17:12:21.181	EMA_Cross_Over EURCAD,M1: initialized
0	17:12:21.181	CPRLevels EURCAD,M1: initialized
0	17:12:47.338	EMA_Cross_Over EURCAD,M1: uninit reason 3
0	17:12:47.338	CPRLevels EURCAD,M1: uninit reason 3
0	17:12:47.338	EMA_Cross_Over EURCAD,Daily: initialized
0	17:12:47.338	CPRLevels EURCAD,Daily: initialized
0	17:12:53.368	EMA_Cross_Over EURCAD,Daily: uninit reason 3
0	17:12:53.368	CPRLevels EURCAD,Daily: uninit reason 3
0	17:12:53.368	EMA_Cross_Over EURCAD,H4: initialized
0	17:12:53.368	CPRLevels EURCAD,H4: initialized
0	17:13:48.213	EMA_Cross_Over EURCAD,H4: uninit reason 3
0	17:13:48.213	CPRLevels EURCAD,H4: uninit reason 3
0	17:13:48.213	EMA_Cross_Over EURCAD,M5: initialized
0	17:13:48.213	CPRLevels EURCAD,M5: initialized
0	17:14:28.796	EMA_Cross_Over EURCAD,M5: uninit reason 3
0	17:14:28.796	CPRLevels EURCAD,M5: uninit reason 3
0	17:14:28.796	EMA_Cross_Over EURCAD,M1: initialized
0	17:14:28.797	CPRLevels EURCAD,M1: initialized
0	17:22:27.302	EMA_Cross_Over EURCAD,M1: uninit reason 3
0	17:22:27.302	CPRLevels EURCAD,M1: uninit reason 3
0	17:22:27.303	EMA_Cross_Over EURCAD,M5: initialized
0	17:22:27.303	CPRLevels EURCAD,M5: initialized
0	17:22:30.336	EMA_Cross_Over EURCAD,M5: uninit reason 3
0	17:22:30.336	CPRLevels EURCAD,M5: uninit reason 3
0	17:22:30.336	EMA_Cross_Over EURCAD,M1: initialized
0	17:22:30.336	CPRLevels EURCAD,M1: initialized
0	17:26:24.649	EMA_Cross_Over EURCAD,M1: uninit reason 3
0	17:26:24.649	CPRLevels EURCAD,M1: uninit reason 3
0	17:26:24.649	EMA_Cross_Over EURCAD,H1: initialized
0	17:26:24.649	CPRLevels EURCAD,H1: initialized
0	17:26:29.413	EMA_Cross_Over EURCAD,H1: uninit reason 3
0	17:26:29.413	CPRLevels EURCAD,H1: uninit reason 3
0	17:26:29.414	EMA_Cross_Over EURCAD,M5: initialized
0	17:26:29.414	CPRLevels EURCAD,M5: initialized
0	17:26:34.157	EMA_Cross_Over EURCAD,M5: uninit reason 3
0	17:26:34.157	CPRLevels EURCAD,M5: uninit reason 3
0	17:26:34.157	EMA_Cross_Over EURCAD,M1: initialized
0	17:26:34.157	CPRLevels EURCAD,M1: initialized
0	17:43:23.579	EMA_Cross_Over EURCAD,M1: uninit reason 3
0	17:43:23.579	CPRLevels EURCAD,M1: uninit reason 3
0	17:43:23.579	EMA_Cross_Over EURCAD,M5: initialized
0	17:43:23.579	CPRLevels EURCAD,M5: initialized
0	17:43:26.371	EMA_Cross_Over EURCAD,M5: uninit reason 3
0	17:43:26.371	CPRLevels EURCAD,M5: uninit reason 3
0	17:43:26.371	EMA_Cross_Over EURCAD,M1: initialized
0	17:43:26.371	CPRLevels EURCAD,M1: initialized
0	17:43:27.456	EMA_Cross_Over EURCAD,M1: uninit reason 3
0	17:43:27.456	CPRLevels EURCAD,M1: uninit reason 3
0	17:43:27.457	EMA_Cross_Over EURCAD,M15: initialized
0	17:43:27.457	CPRLevels EURCAD,M15: initialized
0	17:43:33.898	EMA_Cross_Over EURCAD,M15: uninit reason 3
0	17:43:33.898	CPRLevels EURCAD,M15: uninit reason 3
0	17:43:33.898	EMA_Cross_Over EURCAD,M1: initialized
0	17:43:33.898	CPRLevels EURCAD,M1: initialized
0	18:28:11.103	EMA_Cross_Over EURCAD,M1: uninit reason 3
0	18:28:11.103	CPRLevels EURCAD,M1: uninit reason 3
0	18:28:11.103	EMA_Cross_Over EURCAD,M5: initialized
0	18:28:11.104	CPRLevels EURCAD,M5: initialized
0	18:30:44.239	EMA_Cross_Over EURCAD,M5: uninit reason 3
0	18:30:44.240	CPRLevels EURCAD,M5: uninit reason 3
0	18:30:44.240	EMA_Cross_Over EURCAD,M1: initialized
0	18:30:44.240	CPRLevels EURCAD,M1: initialized
0	18:36:51.780	EMA_Cross_Over EURCAD,M1: uninit reason 3
0	18:36:51.780	CPRLevels EURCAD,M1: uninit reason 3
0	18:36:51.781	EMA_Cross_Over EURCAD,M5: initialized
0	18:36:51.781	CPRLevels EURCAD,M5: initialized
0	18:49:39.585	EMA_Cross_Over EURCAD,M5: uninit reason 3
0	18:49:39.585	CPRLevels EURCAD,M5: uninit reason 3
0	18:49:39.585	EMA_Cross_Over EURCAD,M1: initialized
0	18:49:39.585	CPRLevels EURCAD,M1: initialized
0	19:04:22.377	EMA_Cross_Over EURCAD,M1: uninit reason 3
0	19:04:22.377	CPRLevels EURCAD,M1: uninit reason 3
0	19:04:22.378	EMA_Cross_Over EURCAD,M5: initialized
0	19:04:22.378	CPRLevels EURCAD,M5: initialized
0	19:05:28.955	EMA_Cross_Over EURCAD,M5: uninit reason 3
0	19:05:28.955	CPRLevels EURCAD,M5: uninit reason 3
0	19:05:28.955	EMA_Cross_Over EURCAD,M1: initialized
0	19:05:28.955	CPRLevels EURCAD,M1: initialized
0	19:05:48.626	EMA_Cross_Over EURCAD,M1: uninit reason 3
0	19:05:48.626	CPRLevels EURCAD,M1: uninit reason 3
0	19:05:48.626	EMA_Cross_Over EURCAD,M5: initialized
0	19:05:48.627	CPRLevels EURCAD,M5: initialized
0	19:19:11.214	EMA_Cross_Over EURCAD,M5: uninit reason 3
0	19:19:11.214	CPRLevels EURCAD,M5: uninit reason 3
0	19:19:11.214	EMA_Cross_Over EURCAD,H1: initialized
0	19:19:11.215	CPRLevels EURCAD,H1: initialized
0	19:21:38.136	EMA_Cross_Over EURCAD,H1: uninit reason 3
0	19:21:38.136	CPRLevels EURCAD,H1: uninit reason 3
0	19:21:38.142	EMA_Cross_Over EURJPY,H1: initialized
0	19:21:38.142	CPRLevels EURJPY,H1: initialized
0	19:23:13.274	EMA_Cross_Over EURJPY,H1: uninit reason 3
0	19:23:13.274	CPRLevels EURJPY,H1: uninit reason 3
0	19:23:13.288	EMA_Cross_Over EURJPY,M5: initialized
0	19:23:13.288	CPRLevels EURJPY,M5: initialized
0	19:23:16.186	EMA_Cross_Over EURJPY,M5: uninit reason 3
0	19:23:16.186	CPRLevels EURJPY,M5: uninit reason 3
0	19:23:16.186	EMA_Cross_Over EURJPY,H1: initialized
0	19:23:16.186	CPRLevels EURJPY,H1: initialized
0	19:23:18.416	EMA_Cross_Over EURJPY,H1: uninit reason 3
0	19:23:18.416	CPRLevels EURJPY,H1: uninit reason 3
0	19:23:18.416	EMA_Cross_Over EURJPY,M5: initialized
0	19:23:18.416	CPRLevels EURJPY,M5: initialized
0	19:23:38.234	EMA_Cross_Over EURJPY,M5: uninit reason 3
0	19:23:38.234	CPRLevels EURJPY,M5: uninit reason 3
0	19:23:38.235	EMA_Cross_Over EURJPY,H1: initialized
0	19:23:38.235	CPRLevels EURJPY,H1: initialized
0	21:34:43.028	EMA_Cross_Over EURJPY,H1: uninit reason 3
0	21:34:43.028	CPRLevels EURJPY,H1: uninit reason 3
0	21:34:43.028	EMA_Cross_Over EURJPY,H4: initialized
0	21:34:43.028	CPRLevels EURJPY,H4: initialized
0	21:35:10.367	EMA_Cross_Over EURJPY,H4: uninit reason 3
0	21:35:10.367	CPRLevels EURJPY,H4: uninit reason 3
0	21:35:10.368	EMA_Cross_Over EURUSD,H4: initialized
0	21:35:10.368	CPRLevels EURUSD,H4: initialized
0	21:35:27.680	EMA_Cross_Over EURUSD,H4: uninit reason 3
0	21:35:27.680	CPRLevels EURUSD,H4: uninit reason 3
0	21:35:27.680	EMA_Cross_Over EURUSD,H1: initialized
0	21:35:27.680	CPRLevels EURUSD,H1: initialized
0	21:35:35.186	EMA_Cross_Over EURUSD,H1: uninit reason 3
0	21:35:35.186	CPRLevels EURUSD,H1: uninit reason 3
0	21:35:35.186	EMA_Cross_Over EURJPY,H1: initialized
0	21:35:35.187	CPRLevels EURJPY,H1: initialized
0	22:33:05.771	EMA_Cross_Over EURJPY,H1: uninit reason 3
0	22:33:05.771	CPRLevels EURJPY,H1: uninit reason 3
0	22:33:05.786	EMA_Cross_Over EURJPY,M30: initialized
0	22:33:05.786	CPRLevels EURJPY,M30: initialized
0	22:35:33.042	EMA_Cross_Over EURJPY,M30: uninit reason 3
0	22:35:33.042	CPRLevels EURJPY,M30: uninit reason 3
0	22:35:33.042	EMA_Cross_Over EURJPY,M5: initialized
0	22:35:33.043	CPRLevels EURJPY,M5: initialized
0	22:36:14.285	EMA_Cross_Over EURJPY,M5: uninit reason 3
0	22:36:14.285	CPRLevels EURJPY,M5: uninit reason 3
0	22:36:14.299	EMA_Cross_Over EURJPY,M1: initialized
0	22:36:14.299	CPRLevels EURJPY,M1: initialized
0	22:36:30.648	EMA_Cross_Over EURJPY,M1: uninit reason 3
0	22:36:30.648	CPRLevels EURJPY,M1: uninit reason 3
0	22:36:30.648	EMA_Cross_Over EURJPY,H1: initialized
0	22:36:30.648	CPRLevels EURJPY,H1: initialized
0	22:37:36.085	EMA_Cross_Over EURJPY,H1: uninit reason 3
0	22:37:36.085	CPRLevels EURJPY,H1: uninit reason 3
0	22:37:36.085	EMA_Cross_Over EURJPY,H4: initialized
0	22:37:36.086	CPRLevels EURJPY,H4: initialized
0	22:38:32.768	EMA_Cross_Over EURJPY,H4: uninit reason 3
0	22:38:32.768	CPRLevels EURJPY,H4: uninit reason 3
0	22:38:32.769	EMA_Cross_Over EURUSD,H4: initialized
0	22:38:32.769	CPRLevels EURUSD,H4: initialized
0	22:38:41.751	EMA_Cross_Over EURUSD,H4: uninit reason 3
0	22:38:41.751	CPRLevels EURUSD,H4: uninit reason 3
0	22:38:41.767	EMA_Cross_Over USDJPY,H4: initialized
0	22:38:41.767	CPRLevels USDJPY,H4: initialized
0	22:38:57.286	EMA_Cross_Over USDJPY,H4: uninit reason 3
0	22:38:57.286	CPRLevels USDJPY,H4: uninit reason 3
0	22:38:57.286	EMA_Cross_Over USDJPY,H1: initialized
0	22:38:57.286	CPRLevels USDJPY,H1: initialized
0	22:39:09.853	EMA_Cross_Over USDJPY,H1: uninit reason 3
0	22:39:09.853	CPRLevels USDJPY,H1: uninit reason 3
0	22:39:09.854	EMA_Cross_Over USDJPY,M5: initialized
0	22:39:09.854	CPRLevels USDJPY,M5: initialized
0	22:39:57.872	EMA_Cross_Over USDJPY,M5: uninit reason 3
0	22:39:57.872	CPRLevels USDJPY,M5: uninit reason 3
0	22:39:57.872	EMA_Cross_Over EURJPY,M5: initialized
0	22:39:57.872	CPRLevels EURJPY,M5: initialized
0	22:40:46.852	EMA_Cross_Over EURJPY,M5: uninit reason 3
0	22:40:46.852	CPRLevels EURJPY,M5: uninit reason 3
0	22:40:46.873	EMA_Cross_Over EURJPY,M15: initialized
0	22:40:46.873	CPRLevels EURJPY,M15: initialized
0	22:41:19.837	EMA_Cross_Over EURJPY,M15: uninit reason 3
0	22:41:19.837	CPRLevels EURJPY,M15: uninit reason 3
0	22:41:19.838	EMA_Cross_Over EURJPY,H1: initialized
0	22:41:19.838	CPRLevels EURJPY,H1: initialized
0	22:49:24.870	EMA_Cross_Over EURJPY,H1: uninit reason 3
0	22:49:24.870	CPRLevels EURJPY,H1: uninit reason 3
0	22:49:24.870	EMA_Cross_Over EURJPY,M30: initialized
0	22:49:24.870	CPRLevels EURJPY,M30: initialized
