0	17:01:37.410	Compiling 'EA Studio EURUSD H1 70395048'
0	17:01:45.201	Expert EA Studio EURUSD H1 70395048 EURUSD,M15: loaded successfully
0	17:01:46.666	EA Studio EURUSD H1 70395048 EURUSD,M15 inputs: StrategyProperties__=------------; Entry_Amount=0.1; Stop_Loss=73; Take_Profit=95; Ind0=------------; Ind0Param0=21; Ind0Param1=0; Ind1=------------; Ind1Param0=0.0; Ind2=------------; Ind2Param0=27; Ind2Param1=-84; ExpertSettings__=------------; Magic_Number=70395048; 
0	17:01:46.699	EA Studio EURUSD H1 70395048 EURUSD,M15: initialized
0	17:04:24.039	EA Studio EURUSD H1 70395048 EURUSD,M15: uninit reason 3
0	17:04:24.291	EA Studio EURUSD H1 70395048 EURUSD,H1: initialized
0	17:10:44.649	EA Studio EURUSD H1 70395048 EURUSD,H1: uninit reason 1
0	17:10:44.662	Expert EA Studio EURUSD H1 70395048 EURUSD,H1: removed
0	17:10:48.139	Compiling 'EA Studio EURUSD M15 70284374'
0	17:10:53.512	Expert EA Studio EURUSD M15 70284374 EURUSD,H1: loaded successfully
0	17:10:55.525	EA Studio EURUSD M15 70284374 EURUSD,H1 inputs: StrategyProperties__=------------; Entry_Amount=0.1; Stop_Loss=50; Take_Profit=90; Ind0=------------; Ind0Param0=14; Ind0Param1=2.49; Ind1=------------; Ind1Param0=29; Ind2=------------; Ind2Param0=16; Ind2Param1=47; Ind3=------------; Ind3Param0=0.0; ExpertSettings__=------------; Magic_Number=70284374; 
0	17:10:55.552	EA Studio EURUSD M15 70284374 EURUSD,H1: initialized
0	17:11:45.401	EA Studio EURUSD M15 70284374 EURUSD,H1: uninit reason 3
0	17:11:45.677	EA Studio EURUSD M15 70284374 EURUSD,M15: initialized
0	17:11:53.392	EA Studio EURUSD M15 70284374 EURUSD,M15: uninit reason 1
0	17:11:53.403	Expert EA Studio EURUSD M15 70284374 EURUSD,M15: removed
0	17:11:58.308	Expert EA Studio EURUSD M15 70284374 EURUSD,M15: loaded successfully
0	17:11:59.767	EA Studio EURUSD M15 70284374 EURUSD,M15 inputs: StrategyProperties__=------------; Entry_Amount=0.1; Stop_Loss=50; Take_Profit=90; Ind0=------------; Ind0Param0=14; Ind0Param1=2.49; Ind1=------------; Ind1Param0=29; Ind2=------------; Ind2Param0=16; Ind2Param1=47; Ind3=------------; Ind3Param0=0.0; ExpertSettings__=------------; Magic_Number=70284374; 
0	17:11:59.799	EA Studio EURUSD M15 70284374 EURUSD,M15: initialized
0	17:12:05.624	EA Studio EURUSD M15 70284374 EURUSD,M15: uninit reason 1
0	17:12:05.640	Expert EA Studio EURUSD M15 70284374 EURUSD,M15: removed
0	17:12:08.514	Expert EA Studio EURUSD M15 70284374 EURUSD,M15: loaded successfully
0	17:12:09.734	EA Studio EURUSD M15 70284374 EURUSD,M15 inputs: StrategyProperties__=------------; Entry_Amount=0.1; Stop_Loss=50; Take_Profit=90; Ind0=------------; Ind0Param0=14; Ind0Param1=2.49; Ind1=------------; Ind1Param0=29; Ind2=------------; Ind2Param0=16; Ind2Param1=47; Ind3=------------; Ind3Param0=0.0; ExpertSettings__=------------; Magic_Number=70284374; 
0	17:12:09.767	EA Studio EURUSD M15 70284374 EURUSD,M15: initialized
0	17:21:01.793	EA Studio EURUSD M15 70284374 EURUSD,M15: uninit reason 1
0	17:21:01.805	Expert EA Studio EURUSD M15 70284374 EURUSD,M15: removed
0	17:21:04.032	Expert test EURUSD,M15: loaded successfully
0	17:21:05.217	test EURUSD,M15: initialized
0	17:25:24.196	test EURUSD,M15: uninit reason 9
0	17:25:24.335	Expert test EURUSD,M15: removed
0	17:31:44.291	Expert test EURUSD,M15: loaded successfully
0	17:31:47.464	test EURUSD,M15: initialized
0	17:32:12.439	Script Tut1 EURUSD,M15: loaded successfully
0	17:32:12.454	Tut1 EURUSD,M15: initialized
0	17:32:12.455	Tut1 EURUSD,M15: Alert: Hello World!
0	17:32:12.455	Tut1 EURUSD,M15: uninit reason 0
0	17:32:12.456	Script Tut1 EURUSD,M15: removed
0	17:32:17.009	Script Tut1 EURUSD,M15: loaded successfully
0	17:32:17.021	Tut1 EURUSD,M15: initialized
0	17:32:17.021	Tut1 EURUSD,M15: Alert: Hello World!
0	17:32:17.021	Tut1 EURUSD,M15: uninit reason 0
0	17:32:17.022	Script Tut1 EURUSD,M15: removed
0	17:32:26.812	test EURUSD,M15: uninit reason 1
0	17:32:26.818	Expert test EURUSD,M15: removed
0	18:01:23.700	Script Tut1 EURUSD,M15: loaded successfully
0	18:01:23.720	Tut1 EURUSD,M15: initialized
0	18:01:23.720	Tut1 EURUSD,M15: Alert: Hello World!
0	18:01:23.720	Tut1 EURUSD,M15: uninit reason 0
0	18:01:23.722	Script Tut1 EURUSD,M15: removed
0	18:07:16.568	Script Tut1 EURUSD,M15: loaded successfully
0	18:07:16.587	Tut1 EURUSD,M15: initialized
0	18:07:16.588	Tut1 EURUSD,M15: Alert: Hello World!
0	18:07:16.588	Tut1 EURUSD,M15: uninit reason 0
0	18:07:16.590	Script Tut1 EURUSD,M15: removed
0	18:07:53.064	Script Tut1 EURUSD,M15: loaded successfully
0	18:07:53.074	Tut1 EURUSD,M15: initialized
0	18:07:53.074	Tut1 EURUSD,M15: Alert: Hello World!
0	18:07:53.083	Tut1 EURUSD,M15: uninit reason 0
0	18:07:53.085	Script Tut1 EURUSD,M15: removed
0	18:11:19.166	Script Tut1 EURUSD,M15: loaded successfully
0	18:11:19.172	Tut1 EURUSD,M15: initialized
0	18:11:19.172	Tut1 EURUSD,M15: Alert: Hello World!
0	18:11:19.172	Tut1 EURUSD,M15: uninit reason 0
0	18:11:19.183	Script Tut1 EURUSD,M15: removed
