0	00:16:38.785	MACD_Cross_Over_1 EURUSD,M15: uninit reason 1
0	00:16:38.789	Custom indicator MACD_Cross_Over_1 EURUSD,M15: removed
0	00:16:47.985	Expert MACD Sample EURUSD,M15: loaded successfully
0	00:16:49.339	MACD Sample EURUSD,M15 inputs: TakeProfit=50.0; Lots=0.1; TrailingStop=30.0; MACDOpenLevel=3.0; MACDCloseLevel=2.0; MATrendPeriod=26; 
0	00:16:49.355	MACD Sample EURUSD,M15: initialized
0	00:16:57.918	Automated trading enabled
0	00:17:16.247	MACD Sample EURUSD,M15: uninit reason 1
0	00:17:16.252	Expert MACD Sample EURUSD,M15: removed
0	00:17:16.264	Expert MACD Sample EURUSD,M15: loaded successfully
0	00:17:17.437	MACD Sample EURUSD,M15 inputs: TakeProfit=50.0; Lots=0.1; TrailingStop=30.0; MACDOpenLevel=3.0; MACDCloseLevel=2.0; MATrendPeriod=26; 
0	00:17:17.453	MACD Sample EURUSD,M15: initialized
0	00:17:56.428	MACD Sample EURUSD,M15: uninit reason 1
0	00:17:56.441	Expert MACD Sample EURUSD,M15: removed
0	00:17:56.451	Expert MACD Sample EURUSD,M15: loaded successfully
0	00:18:08.055	MACD Sample EURUSD,M15 inputs: TakeProfit=50.0; Lots=0.1; TrailingStop=30.0; MACDOpenLevel=3.0; MACDCloseLevel=2.0; MATrendPeriod=26; 
0	00:18:08.070	MACD Sample EURUSD,M15: initialized
0	00:19:07.067	MACD Sample EURUSD,M15: uninit reason 1
0	00:19:07.083	Expert MACD Sample EURUSD,M15: removed
0	00:19:26.484	Compiling 'Trademyner\MACD_Cross_Over'
0	00:19:30.838	Custom indicator Trademyner\MACD_Cross_Over_1 EURUSD,M15: loaded successfully
0	00:19:32.066	MACD_Cross_Over_1 EURUSD,M15: initialized
0	00:30:45.267	Compiling 'Trademyner\MACD_Cross_Over'
0	00:35:02.899	MACD_Cross_Over_1 EURUSD,M15: uninit reason 3
0	00:35:02.910	MACD_Cross_Over_1 GBPUSD,M15: initialized
0	00:36:53.149	MACD_Cross_Over_1 GBPUSD,M15: uninit reason 3
0	00:36:53.162	MACD_Cross_Over_1 USDJPY,M15: initialized
0	00:38:03.415	MACD_Cross_Over_1 USDJPY,M15: uninit reason 9
0	00:38:03.482	Custom indicator MACD_Cross_Over_1 USDJPY,M15: removed
0	09:14:36.768	Compiling 'MACD_Cross_Over'
0	09:14:39.557	Custom indicator Trademyner\MACD_Cross_Over_1 USDJPY,M15: loaded successfully
0	09:14:39.576	MACD_Cross_Over_1 USDJPY,M15: initialized
0	09:32:34.016	MACD_Cross_Over_1 USDJPY,M15: uninit reason 3
0	09:32:34.021	MACD_Cross_Over_1 USDJPY,H1: initialized
0	09:32:38.872	MACD_Cross_Over_1 USDJPY,H1: uninit reason 3
0	09:32:38.893	MACD_Cross_Over_1 USDJPY,H4: initialized
0	09:32:42.596	MACD_Cross_Over_1 USDJPY,H4: uninit reason 3
0	09:32:42.596	MACD_Cross_Over_1 USDJPY,H1: initialized
0	09:35:24.242	MACD_Cross_Over_1 USDJPY,H1: uninit reason 3
0	09:35:24.242	MACD_Cross_Over_1 USDJPY,Daily: initialized
0	09:35:27.429	MACD_Cross_Over_1 USDJPY,Daily: uninit reason 3
0	09:35:27.429	MACD_Cross_Over_1 USDJPY,H1: initialized
0	09:35:28.692	MACD_Cross_Over_1 USDJPY,H1: uninit reason 3
0	09:35:28.692	MACD_Cross_Over_1 USDJPY,M15: initialized
0	09:35:30.113	MACD_Cross_Over_1 USDJPY,M15: uninit reason 3
0	09:35:30.113	MACD_Cross_Over_1 USDJPY,H1: initialized
0	09:38:04.763	Custom indicator Trademyner\CPRLevels USDJPY,H1: loaded successfully
0	09:38:06.012	CPRLevels USDJPY,H1: initialized
0	10:05:38.864	MACD_Cross_Over_1 USDJPY,H1: uninit reason 3
0	10:05:38.864	CPRLevels USDJPY,H1: uninit reason 3
0	10:05:38.865	MACD_Cross_Over_1 USDJPY,M30: initialized
0	10:05:38.865	CPRLevels USDJPY,M30: initialized
0	10:21:49.026	MACD_Cross_Over_1 USDJPY,M30: uninit reason 3
0	10:21:49.026	CPRLevels USDJPY,M30: uninit reason 3
0	10:21:49.027	MACD_Cross_Over_1 USDJPY,H4: initialized
0	10:21:49.027	CPRLevels USDJPY,H4: initialized
0	10:24:14.969	MACD_Cross_Over_1 USDJPY,H4: uninit reason 3
0	10:24:14.970	CPRLevels USDJPY,H4: uninit reason 3
0	10:24:14.970	MACD_Cross_Over_1 USDJPY,M15: initialized
0	10:24:14.970	CPRLevels USDJPY,M15: initialized
0	10:24:18.747	MACD_Cross_Over_1 USDJPY,M15: uninit reason 3
0	10:24:18.747	CPRLevels USDJPY,M15: uninit reason 3
0	10:24:18.747	MACD_Cross_Over_1 USDJPY,H4: initialized
0	10:24:18.747	CPRLevels USDJPY,H4: initialized
0	10:34:06.185	Custom indicator Trademyner\EMA_Cross_Over USDJPY,M15: loaded successfully
0	10:34:06.191	Custom indicator Trademyner\CPRLevels USDJPY,M15: loaded successfully
0	10:34:06.201	EMA_Cross_Over USDJPY,M15: initialized
0	10:34:06.212	CPRLevels USDJPY,M15: initialized
0	10:34:13.948	EMA_Cross_Over USDJPY,M15: uninit reason 3
0	10:34:13.948	CPRLevels USDJPY,M15: uninit reason 3
0	10:34:13.948	EMA_Cross_Over USDJPY,M30: initialized
0	10:34:13.948	CPRLevels USDJPY,M30: initialized
0	10:34:48.785	EMA_Cross_Over USDJPY,M30: uninit reason 1
0	10:34:48.787	Custom indicator EMA_Cross_Over USDJPY,M30: removed
0	10:34:54.947	Custom indicator Trademyner\MACD_Cross_Over_1 USDJPY,M30: loaded successfully
0	10:34:56.166	MACD_Cross_Over_1 USDJPY,M30: initialized
0	12:18:28.227	CPRLevels USDJPY,M30: uninit reason 3
0	12:18:28.227	MACD_Cross_Over_1 USDJPY,M30: uninit reason 3
0	12:18:28.227	CPRLevels USDJPY,M15: initialized
0	12:18:28.227	MACD_Cross_Over_1 USDJPY,M15: initialized
0	12:18:30.225	CPRLevels USDJPY,M15: uninit reason 3
0	12:18:30.225	MACD_Cross_Over_1 USDJPY,M15: uninit reason 3
0	12:18:30.225	CPRLevels USDJPY,M30: initialized
0	12:18:30.225	MACD_Cross_Over_1 USDJPY,M30: initialized
0	12:18:30.883	CPRLevels USDJPY,M30: uninit reason 3
0	12:18:30.883	MACD_Cross_Over_1 USDJPY,M30: uninit reason 3
0	12:18:30.883	CPRLevels USDJPY,H1: initialized
0	12:18:30.883	MACD_Cross_Over_1 USDJPY,H1: initialized
0	12:18:32.139	CPRLevels USDJPY,H1: uninit reason 3
0	12:18:32.139	MACD_Cross_Over_1 USDJPY,H1: uninit reason 3
0	12:18:32.139	CPRLevels USDJPY,M30: initialized
0	12:18:32.139	MACD_Cross_Over_1 USDJPY,M30: initialized
0	12:19:41.998	MACD_Cross_Over_1 USDJPY,M30: uninit reason 1
0	12:19:42.001	Custom indicator MACD_Cross_Over_1 USDJPY,M30: removed
0	12:19:47.451	Custom indicator Trademyner\MACD_Cross_Over USDJPY,M30: loaded successfully
0	12:19:49.813	MACD_Cross_Over USDJPY,M30: initialized
0	12:20:16.097	MACD_Cross_Over USDJPY,M30: uninit reason 2
0	12:20:16.099	Custom indicator MACD_Cross_Over USDJPY,M30: removed
0	12:20:16.108	Custom indicator Trademyner\MACD_Cross_Over USDJPY,M30: loaded successfully
0	12:20:16.121	MACD_Cross_Over USDJPY,M30: initialized
0	12:22:32.726	MACD_Cross_Over USDJPY,M30: uninit reason 2
0	12:22:32.728	Custom indicator MACD_Cross_Over USDJPY,M30: removed
0	12:22:32.737	Custom indicator Trademyner\MACD_Cross_Over USDJPY,M30: loaded successfully
0	12:22:32.751	MACD_Cross_Over USDJPY,M30: initialized
0	12:22:43.760	MACD_Cross_Over USDJPY,M30: uninit reason 2
0	12:22:43.761	Custom indicator MACD_Cross_Over USDJPY,M30: removed
0	12:22:43.768	Custom indicator Trademyner\MACD_Cross_Over USDJPY,M30: loaded successfully
0	12:22:43.785	MACD_Cross_Over USDJPY,M30: initialized
0	12:24:25.894	MACD_Cross_Over_1 USDJPY,H4: uninit reason 3
0	12:24:25.894	CPRLevels USDJPY,H4: uninit reason 3
0	12:24:25.912	MACD_Cross_Over_1 EURUSD,H4: initialized
0	12:24:25.913	CPRLevels EURUSD,H4: initialized
0	12:24:30.789	CPRLevels USDJPY,M30: uninit reason 3
0	12:24:30.789	MACD_Cross_Over USDJPY,M30: uninit reason 3
0	12:24:30.800	CPRLevels EURUSD,M30: initialized
0	12:24:30.800	MACD_Cross_Over EURUSD,M30: initialized
0	16:54:57.680	MACD_Cross_Over_1 EURUSD,H4: uninit reason 3
0	16:54:57.680	CPRLevels EURUSD,H4: uninit reason 3
0	16:54:57.681	MACD_Cross_Over_1 EURJPY,H4: initialized
0	16:54:57.681	CPRLevels EURJPY,H4: initialized
0	16:55:00.526	CPRLevels EURUSD,M30: uninit reason 3
0	16:55:00.526	MACD_Cross_Over EURUSD,M30: uninit reason 3
0	16:55:00.526	CPRLevels EURJPY,M30: initialized
0	16:55:00.526	MACD_Cross_Over EURJPY,M30: initialized
0	17:01:28.363	MACD_Cross_Over EURJPY,M30: uninit reason 2
0	17:01:28.364	Custom indicator MACD_Cross_Over EURJPY,M30: removed
0	17:01:28.374	Custom indicator Trademyner\MACD_Cross_Over EURJPY,M30: loaded successfully
0	17:01:28.391	MACD_Cross_Over EURJPY,M30: initialized
0	17:01:57.976	MACD_Cross_Over EURJPY,M30: uninit reason 2
0	17:01:57.980	Custom indicator MACD_Cross_Over EURJPY,M30: removed
0	17:01:57.990	Custom indicator Trademyner\MACD_Cross_Over EURJPY,M30: loaded successfully
0	17:01:58.006	MACD_Cross_Over EURJPY,M30: initialized
0	20:21:10.849	Compiling 'Trademyner\MACD_CrossOver'
0	20:21:12.378	MACD_Cross_Over EURJPY,M30: uninit reason 2
0	20:21:12.380	Custom indicator MACD_Cross_Over EURJPY,M30: removed
0	20:21:12.394	Custom indicator Trademyner\MACD_Cross_Over EURJPY,M30: loaded successfully
0	20:21:12.414	MACD_Cross_Over EURJPY,M30: initialized
0	22:38:10.112	MACD_Cross_Over_1 EURJPY,H4: uninit reason 9
0	22:38:10.112	CPRLevels EURJPY,H4: uninit reason 9
0	22:38:10.112	CPRLevels EURJPY,M30: uninit reason 9
0	22:38:10.112	MACD_Cross_Over EURJPY,M30: uninit reason 9
0	22:38:10.213	Custom indicator MACD_Cross_Over_1 EURJPY,H4: removed
0	22:38:10.215	Custom indicator CPRLevels EURJPY,H4: removed
0	22:38:10.232	Custom indicator CPRLevels EURJPY,M30: removed
0	22:38:10.234	Custom indicator MACD_Cross_Over EURJPY,M30: removed
0	23:23:31.080	Custom indicator Trademyner\MACD_Cross_Over_1 EURJPY,H4: loaded successfully
0	23:23:31.090	Custom indicator Trademyner\CPRLevels EURJPY,H4: loaded successfully
0	23:23:31.106	MACD_Cross_Over_1 EURJPY,H4: initialized
0	23:23:31.118	CPRLevels EURJPY,H4: initialized
0	23:23:31.144	Custom indicator Trademyner\CPRLevels EURJPY,M30: loaded successfully
0	23:23:31.152	Custom indicator Trademyner\MACD_Cross_Over EURJPY,M30: loaded successfully
0	23:23:31.165	CPRLevels EURJPY,M30: initialized
0	23:23:31.177	MACD_Cross_Over EURJPY,M30: initialized
0	23:26:57.499	MACD_Cross_Over_1 EURJPY,H4: uninit reason 4
0	23:26:57.499	CPRLevels EURJPY,H4: uninit reason 4
0	23:26:57.501	Custom indicator MACD_Cross_Over_1 EURJPY,H4: removed
0	23:26:57.503	Custom indicator CPRLevels EURJPY,H4: removed
0	23:32:55.533	MACD_Cross_Over EURJPY,M30: uninit reason 2
0	23:32:55.535	Custom indicator MACD_Cross_Over EURJPY,M30: removed
0	23:32:55.544	Custom indicator Trademyner\MACD_Cross_Over EURJPY,M30: loaded successfully
0	23:32:55.558	MACD_Cross_Over EURJPY,M30: initialized
0	23:33:33.723	MACD_Cross_Over EURJPY,M30: uninit reason 1
0	23:33:33.725	Custom indicator MACD_Cross_Over EURJPY,M30: removed
0	23:33:47.312	Custom indicator Trademyner\MACD_Cross_Over EURJPY,M30: loaded successfully
0	23:33:48.644	MACD_Cross_Over EURJPY,M30: initialized
0	23:35:35.156	MACD_Cross_Over EURJPY,M30: uninit reason 2
0	23:35:35.158	Custom indicator MACD_Cross_Over EURJPY,M30: removed
0	23:35:35.167	Custom indicator Trademyner\MACD_Cross_Over EURJPY,M30: loaded successfully
0	23:35:35.180	MACD_Cross_Over EURJPY,M30: initialized
0	23:35:54.083	MACD_Cross_Over EURJPY,M30: uninit reason 2
0	23:35:54.084	Custom indicator MACD_Cross_Over EURJPY,M30: removed
0	23:35:54.095	Custom indicator Trademyner\MACD_Cross_Over EURJPY,M30: loaded successfully
0	23:35:54.109	MACD_Cross_Over EURJPY,M30: initialized
0	23:36:18.881	MACD_Cross_Over EURJPY,M30: uninit reason 2
0	23:36:18.883	Custom indicator MACD_Cross_Over EURJPY,M30: removed
0	23:36:18.892	Custom indicator Trademyner\MACD_Cross_Over EURJPY,M30: loaded successfully
0	23:36:18.905	MACD_Cross_Over EURJPY,M30: initialized
0	23:45:50.589	CPRLevels EURJPY,M30: uninit reason 9
0	23:45:50.589	MACD_Cross_Over EURJPY,M30: uninit reason 9
0	23:45:50.680	Custom indicator CPRLevels EURJPY,M30: removed
0	23:45:50.683	Custom indicator MACD_Cross_Over EURJPY,M30: removed
0	23:50:58.665	Custom indicator Trademyner\CPRLevels EURJPY,M30: loaded successfully
0	23:50:58.672	Custom indicator Trademyner\MACD_Cross_Over EURJPY,M30: loaded successfully
0	23:50:58.687	CPRLevels EURJPY,M30: initialized
0	23:50:58.699	MACD_Cross_Over EURJPY,M30: initialized
0	23:51:06.751	CPRLevels EURJPY,M30: uninit reason 3
0	23:51:06.751	MACD_Cross_Over EURJPY,M30: uninit reason 3
0	23:51:06.751	CPRLevels EURJPY,H1: initialized
0	23:51:06.751	MACD_Cross_Over EURJPY,H1: initialized
0	23:53:11.827	CPRLevels EURJPY,H1: uninit reason 3
0	23:53:11.827	MACD_Cross_Over EURJPY,H1: uninit reason 3
0	23:53:11.827	CPRLevels EURJPY,M15: initialized
0	23:53:11.827	MACD_Cross_Over EURJPY,M15: initialized
0	23:53:40.576	CPRLevels EURJPY,M15: uninit reason 3
0	23:53:40.576	MACD_Cross_Over EURJPY,M15: uninit reason 3
0	23:53:40.576	CPRLevels USDJPY,M15: initialized
0	23:53:40.576	MACD_Cross_Over USDJPY,M15: initialized
0	23:53:48.445	CPRLevels USDJPY,M15: uninit reason 3
0	23:53:48.445	MACD_Cross_Over USDJPY,M15: uninit reason 3
0	23:53:48.446	CPRLevels USDJPY,H1: initialized
0	23:53:48.446	MACD_Cross_Over USDJPY,H1: initialized
0	23:54:16.553	CPRLevels USDJPY,H1: uninit reason 3
0	23:54:16.553	MACD_Cross_Over USDJPY,H1: uninit reason 3
0	23:54:16.554	CPRLevels USDJPY,M30: initialized
0	23:54:16.554	MACD_Cross_Over USDJPY,M30: initialized
0	23:55:00.731	CPRLevels USDJPY,M30: uninit reason 9
0	23:55:00.731	MACD_Cross_Over USDJPY,M30: uninit reason 9
0	23:55:00.818	Custom indicator CPRLevels USDJPY,M30: removed
0	23:55:00.820	Custom indicator MACD_Cross_Over USDJPY,M30: removed
